[2.726s] Invoking command in '/home/vboxuser/ros2_ws/src/py_pubsub': PYTHONPATH=/home/vboxuser/ros2_ws/build/py_pubsub/prefix_override:/usr/lib/python3/dist-packages/colcon_core/task/python/colcon_distutils_commands:/home/vboxuser/ros2_ws/install/py_pubsub/lib/python3.10/site-packages:${PYTHONPATH} /usr/bin/python3 -W ignore:setup.py install is deprecated -W ignore:easy_install command is deprecated setup.py egg_info --egg-base ../../build/py_pubsub build --build-base /home/vboxuser/ros2_ws/build/py_pubsub/build install --record /home/vboxuser/ros2_ws/build/py_pubsub/install.log --single-version-externally-managed install_data
[3.309s] running egg_info
[3.311s] creating ../../build/py_pubsub/py_pubsub.egg-info
[3.311s] writing ../../build/py_pubsub/py_pubsub.egg-info/PKG-INFO
[3.311s] writing dependency_links to ../../build/py_pubsub/py_pubsub.egg-info/dependency_links.txt
[3.311s] writing entry points to ../../build/py_pubsub/py_pubsub.egg-info/entry_points.txt
[3.311s] writing requirements to ../../build/py_pubsub/py_pubsub.egg-info/requires.txt
[3.311s] writing top-level names to ../../build/py_pubsub/py_pubsub.egg-info/top_level.txt
[3.312s] writing manifest file '../../build/py_pubsub/py_pubsub.egg-info/SOURCES.txt'
[3.312s] reading manifest file '../../build/py_pubsub/py_pubsub.egg-info/SOURCES.txt'
[3.313s] adding license file 'LICENSE'
[3.313s] writing manifest file '../../build/py_pubsub/py_pubsub.egg-info/SOURCES.txt'
[3.313s] running build
[3.313s] running build_py
[3.313s] creating /home/vboxuser/ros2_ws/build/py_pubsub/build
[3.313s] creating /home/vboxuser/ros2_ws/build/py_pubsub/build/lib
[3.313s] creating /home/vboxuser/ros2_ws/build/py_pubsub/build/lib/py_pubsub
[3.313s] copying py_pubsub/publisher_member_function.py -> /home/vboxuser/ros2_ws/build/py_pubsub/build/lib/py_pubsub
[3.313s] copying py_pubsub/subscriber_member_function.py -> /home/vboxuser/ros2_ws/build/py_pubsub/build/lib/py_pubsub
[3.313s] copying py_pubsub/__init__.py -> /home/vboxuser/ros2_ws/build/py_pubsub/build/lib/py_pubsub
[3.313s] running install
[3.313s] running install_lib
[3.313s] creating /home/vboxuser/ros2_ws/install/py_pubsub/lib/python3.10/site-packages/py_pubsub
[3.313s] copying /home/vboxuser/ros2_ws/build/py_pubsub/build/lib/py_pubsub/publisher_member_function.py -> /home/vboxuser/ros2_ws/install/py_pubsub/lib/python3.10/site-packages/py_pubsub
[3.313s] copying /home/vboxuser/ros2_ws/build/py_pubsub/build/lib/py_pubsub/subscriber_member_function.py -> /home/vboxuser/ros2_ws/install/py_pubsub/lib/python3.10/site-packages/py_pubsub
[3.313s] copying /home/vboxuser/ros2_ws/build/py_pubsub/build/lib/py_pubsub/__init__.py -> /home/vboxuser/ros2_ws/install/py_pubsub/lib/python3.10/site-packages/py_pubsub
[3.354s] byte-compiling /home/vboxuser/ros2_ws/install/py_pubsub/lib/python3.10/site-packages/py_pubsub/publisher_member_function.py to publisher_member_function.cpython-310.pyc
[3.354s] byte-compiling /home/vboxuser/ros2_ws/install/py_pubsub/lib/python3.10/site-packages/py_pubsub/subscriber_member_function.py to subscriber_member_function.cpython-310.pyc
[3.354s] byte-compiling /home/vboxuser/ros2_ws/install/py_pubsub/lib/python3.10/site-packages/py_pubsub/__init__.py to __init__.cpython-310.pyc
[3.354s] running install_data
[3.354s] creating /home/vboxuser/ros2_ws/install/py_pubsub/share/ament_index
[3.354s] creating /home/vboxuser/ros2_ws/install/py_pubsub/share/ament_index/resource_index
[3.354s] creating /home/vboxuser/ros2_ws/install/py_pubsub/share/ament_index/resource_index/packages
[3.355s] copying resource/py_pubsub -> /home/vboxuser/ros2_ws/install/py_pubsub/share/ament_index/resource_index/packages
[3.355s] copying package.xml -> /home/vboxuser/ros2_ws/install/py_pubsub/share/py_pubsub
[3.355s] running install_egg_info
[3.355s] Copying ../../build/py_pubsub/py_pubsub.egg-info to /home/vboxuser/ros2_ws/install/py_pubsub/lib/python3.10/site-packages/py_pubsub-0.0.0-py3.10.egg-info
[3.355s] running install_scripts
[3.382s] Installing listener script to /home/vboxuser/ros2_ws/install/py_pubsub/lib/py_pubsub
[3.382s] Installing talker script to /home/vboxuser/ros2_ws/install/py_pubsub/lib/py_pubsub
[3.384s] writing list of installed files to '/home/vboxuser/ros2_ws/build/py_pubsub/install.log'
[3.438s] Invoked command in '/home/vboxuser/ros2_ws/src/py_pubsub' returned '0': PYTHONPATH=/home/vboxuser/ros2_ws/build/py_pubsub/prefix_override:/usr/lib/python3/dist-packages/colcon_core/task/python/colcon_distutils_commands:/home/vboxuser/ros2_ws/install/py_pubsub/lib/python3.10/site-packages:${PYTHONPATH} /usr/bin/python3 -W ignore:setup.py install is deprecated -W ignore:easy_install command is deprecated setup.py egg_info --egg-base ../../build/py_pubsub build --build-base /home/vboxuser/ros2_ws/build/py_pubsub/build install --record /home/vboxuser/ros2_ws/build/py_pubsub/install.log --single-version-externally-managed install_data
