[3.033s] Invoking command in '/home/vboxuser/ros2_ws/build/examples_rclpy_minimal_action_server': PYTHONPATH=/home/vboxuser/ros2_ws/build/examples_rclpy_minimal_action_server/prefix_override:/usr/lib/python3/dist-packages/colcon_core/task/python/colcon_distutils_commands:/home/vboxuser/ros2_ws/install/examples_rclpy_minimal_action_server/lib/python3.10/site-packages:${PYTHONPATH} /usr/bin/python3 -W ignore:setup.py install is deprecated -W ignore:easy_install command is deprecated setup.py develop --editable --build-directory /home/vboxuser/ros2_ws/build/examples_rclpy_minimal_action_server/build --no-deps symlink_data
[4.233s] running develop
[4.895s] running egg_info
[4.897s] creating examples_rclpy_minimal_action_server.egg-info
[4.898s] writing examples_rclpy_minimal_action_server.egg-info/PKG-INFO
[4.900s] writing dependency_links to examples_rclpy_minimal_action_server.egg-info/dependency_links.txt
[4.904s] writing entry points to examples_rclpy_minimal_action_server.egg-info/entry_points.txt
[4.904s] writing requirements to examples_rclpy_minimal_action_server.egg-info/requires.txt
[4.905s] writing top-level names to examples_rclpy_minimal_action_server.egg-info/top_level.txt
[4.906s] writing manifest file 'examples_rclpy_minimal_action_server.egg-info/SOURCES.txt'
[5.008s] reading manifest file 'examples_rclpy_minimal_action_server.egg-info/SOURCES.txt'
[5.019s] writing manifest file 'examples_rclpy_minimal_action_server.egg-info/SOURCES.txt'
[5.021s] running build_ext
[5.022s] Creating /home/vboxuser/ros2_ws/install/examples_rclpy_minimal_action_server/lib/python3.10/site-packages/examples-rclpy-minimal-action-server.egg-link (link to .)
[5.027s] Installing server script to /home/vboxuser/ros2_ws/install/examples_rclpy_minimal_action_server/lib/examples_rclpy_minimal_action_server
[5.028s] Installing server_defer script to /home/vboxuser/ros2_ws/install/examples_rclpy_minimal_action_server/lib/examples_rclpy_minimal_action_server
[5.037s] Installing server_not_composable script to /home/vboxuser/ros2_ws/install/examples_rclpy_minimal_action_server/lib/examples_rclpy_minimal_action_server
[5.038s] Installing server_queue_goals script to /home/vboxuser/ros2_ws/install/examples_rclpy_minimal_action_server/lib/examples_rclpy_minimal_action_server
[5.038s] Installing server_single_goal script to /home/vboxuser/ros2_ws/install/examples_rclpy_minimal_action_server/lib/examples_rclpy_minimal_action_server
[5.038s] 
[5.038s] Installed /home/vboxuser/ros2_ws/build/examples_rclpy_minimal_action_server
[5.038s] running symlink_data
[5.038s] creating /home/vboxuser/ros2_ws/install/examples_rclpy_minimal_action_server/share/ament_index
[5.038s] creating /home/vboxuser/ros2_ws/install/examples_rclpy_minimal_action_server/share/ament_index/resource_index
[5.038s] creating /home/vboxuser/ros2_ws/install/examples_rclpy_minimal_action_server/share/ament_index/resource_index/packages
[5.039s] symbolically linking /home/vboxuser/ros2_ws/build/examples_rclpy_minimal_action_server/resource/examples_rclpy_minimal_action_server -> /home/vboxuser/ros2_ws/install/examples_rclpy_minimal_action_server/share/ament_index/resource_index/packages
[5.039s] symbolically linking /home/vboxuser/ros2_ws/build/examples_rclpy_minimal_action_server/package.xml -> /home/vboxuser/ros2_ws/install/examples_rclpy_minimal_action_server/share/examples_rclpy_minimal_action_server
[5.174s] Invoked command in '/home/vboxuser/ros2_ws/build/examples_rclpy_minimal_action_server' returned '0': PYTHONPATH=/home/vboxuser/ros2_ws/build/examples_rclpy_minimal_action_server/prefix_override:/usr/lib/python3/dist-packages/colcon_core/task/python/colcon_distutils_commands:/home/vboxuser/ros2_ws/install/examples_rclpy_minimal_action_server/lib/python3.10/site-packages:${PYTHONPATH} /usr/bin/python3 -W ignore:setup.py install is deprecated -W ignore:easy_install command is deprecated setup.py develop --editable --build-directory /home/vboxuser/ros2_ws/build/examples_rclpy_minimal_action_server/build --no-deps symlink_data
