[3.087s] Invoking command in '/home/vboxuser/ros2_ws/build/examples_rclpy_minimal_publisher': PYTHONPATH=/home/vboxuser/ros2_ws/build/examples_rclpy_minimal_publisher/prefix_override:/usr/lib/python3/dist-packages/colcon_core/task/python/colcon_distutils_commands:/home/vboxuser/ros2_ws/install/examples_rclpy_minimal_publisher/lib/python3.10/site-packages:${PYTHONPATH} /usr/bin/python3 -W ignore:setup.py install is deprecated -W ignore:easy_install command is deprecated setup.py develop --editable --build-directory /home/vboxuser/ros2_ws/build/examples_rclpy_minimal_publisher/build --no-deps symlink_data
[4.337s] running develop
[4.717s] running egg_info
[4.720s] creating examples_rclpy_minimal_publisher.egg-info
[4.722s] writing examples_rclpy_minimal_publisher.egg-info/PKG-INFO
[4.728s] writing dependency_links to examples_rclpy_minimal_publisher.egg-info/dependency_links.txt
[4.746s] writing entry points to examples_rclpy_minimal_publisher.egg-info/entry_points.txt
[4.746s] writing requirements to examples_rclpy_minimal_publisher.egg-info/requires.txt
[4.761s] writing top-level names to examples_rclpy_minimal_publisher.egg-info/top_level.txt
[4.764s] writing manifest file 'examples_rclpy_minimal_publisher.egg-info/SOURCES.txt'
[4.800s] reading manifest file 'examples_rclpy_minimal_publisher.egg-info/SOURCES.txt'
[4.810s] writing manifest file 'examples_rclpy_minimal_publisher.egg-info/SOURCES.txt'
[4.846s] running build_ext
[4.847s] Creating /home/vboxuser/ros2_ws/install/examples_rclpy_minimal_publisher/lib/python3.10/site-packages/examples-rclpy-minimal-publisher.egg-link (link to .)
[4.849s] Installing publisher_local_function script to /home/vboxuser/ros2_ws/install/examples_rclpy_minimal_publisher/lib/examples_rclpy_minimal_publisher
[4.851s] Installing publisher_member_function script to /home/vboxuser/ros2_ws/install/examples_rclpy_minimal_publisher/lib/examples_rclpy_minimal_publisher
[4.852s] Installing publisher_old_school script to /home/vboxuser/ros2_ws/install/examples_rclpy_minimal_publisher/lib/examples_rclpy_minimal_publisher
[4.853s] 
[4.853s] Installed /home/vboxuser/ros2_ws/build/examples_rclpy_minimal_publisher
[4.854s] running symlink_data
[4.854s] creating /home/vboxuser/ros2_ws/install/examples_rclpy_minimal_publisher/share/ament_index
[4.855s] creating /home/vboxuser/ros2_ws/install/examples_rclpy_minimal_publisher/share/ament_index/resource_index
[4.855s] creating /home/vboxuser/ros2_ws/install/examples_rclpy_minimal_publisher/share/ament_index/resource_index/packages
[4.856s] symbolically linking /home/vboxuser/ros2_ws/build/examples_rclpy_minimal_publisher/resource/examples_rclpy_minimal_publisher -> /home/vboxuser/ros2_ws/install/examples_rclpy_minimal_publisher/share/ament_index/resource_index/packages
[4.917s] symbolically linking /home/vboxuser/ros2_ws/build/examples_rclpy_minimal_publisher/package.xml -> /home/vboxuser/ros2_ws/install/examples_rclpy_minimal_publisher/share/examples_rclpy_minimal_publisher
[4.941s] Invoked command in '/home/vboxuser/ros2_ws/build/examples_rclpy_minimal_publisher' returned '0': PYTHONPATH=/home/vboxuser/ros2_ws/build/examples_rclpy_minimal_publisher/prefix_override:/usr/lib/python3/dist-packages/colcon_core/task/python/colcon_distutils_commands:/home/vboxuser/ros2_ws/install/examples_rclpy_minimal_publisher/lib/python3.10/site-packages:${PYTHONPATH} /usr/bin/python3 -W ignore:setup.py install is deprecated -W ignore:easy_install command is deprecated setup.py develop --editable --build-directory /home/vboxuser/ros2_ws/build/examples_rclpy_minimal_publisher/build --no-deps symlink_data
