[4.234s] Invoking command in '/home/vboxuser/ros2_ws/build/examples_rclpy_minimal_service': PYTHONPATH=/home/vboxuser/ros2_ws/build/examples_rclpy_minimal_service/prefix_override:/usr/lib/python3/dist-packages/colcon_core/task/python/colcon_distutils_commands:/home/vboxuser/ros2_ws/install/examples_rclpy_minimal_service/lib/python3.10/site-packages:${PYTHONPATH} /usr/bin/python3 -W ignore:setup.py install is deprecated -W ignore:easy_install command is deprecated setup.py develop --editable --build-directory /home/vboxuser/ros2_ws/build/examples_rclpy_minimal_service/build --no-deps symlink_data
[4.806s] running develop
[5.758s] running egg_info
[5.765s] creating examples_rclpy_minimal_service.egg-info
[5.766s] writing examples_rclpy_minimal_service.egg-info/PKG-INFO
[5.784s] writing dependency_links to examples_rclpy_minimal_service.egg-info/dependency_links.txt
[5.803s] writing entry points to examples_rclpy_minimal_service.egg-info/entry_points.txt
[5.803s] writing requirements to examples_rclpy_minimal_service.egg-info/requires.txt
[5.803s] writing top-level names to examples_rclpy_minimal_service.egg-info/top_level.txt
[5.803s] writing manifest file 'examples_rclpy_minimal_service.egg-info/SOURCES.txt'
[5.804s] reading manifest file 'examples_rclpy_minimal_service.egg-info/SOURCES.txt'
[5.810s] writing manifest file 'examples_rclpy_minimal_service.egg-info/SOURCES.txt'
[5.816s] running build_ext
[5.817s] Creating /home/vboxuser/ros2_ws/install/examples_rclpy_minimal_service/lib/python3.10/site-packages/examples-rclpy-minimal-service.egg-link (link to .)
[5.819s] Installing service script to /home/vboxuser/ros2_ws/install/examples_rclpy_minimal_service/lib/examples_rclpy_minimal_service
[5.819s] Installing service_member_function script to /home/vboxuser/ros2_ws/install/examples_rclpy_minimal_service/lib/examples_rclpy_minimal_service
[5.821s] 
[5.821s] Installed /home/vboxuser/ros2_ws/build/examples_rclpy_minimal_service
[5.821s] running symlink_data
[5.821s] creating /home/vboxuser/ros2_ws/install/examples_rclpy_minimal_service/share/ament_index
[5.821s] creating /home/vboxuser/ros2_ws/install/examples_rclpy_minimal_service/share/ament_index/resource_index
[5.821s] creating /home/vboxuser/ros2_ws/install/examples_rclpy_minimal_service/share/ament_index/resource_index/packages
[5.822s] symbolically linking /home/vboxuser/ros2_ws/build/examples_rclpy_minimal_service/resource/examples_rclpy_minimal_service -> /home/vboxuser/ros2_ws/install/examples_rclpy_minimal_service/share/ament_index/resource_index/packages
[5.822s] symbolically linking /home/vboxuser/ros2_ws/build/examples_rclpy_minimal_service/package.xml -> /home/vboxuser/ros2_ws/install/examples_rclpy_minimal_service/share/examples_rclpy_minimal_service
[6.295s] Invoked command in '/home/vboxuser/ros2_ws/build/examples_rclpy_minimal_service' returned '0': PYTHONPATH=/home/vboxuser/ros2_ws/build/examples_rclpy_minimal_service/prefix_override:/usr/lib/python3/dist-packages/colcon_core/task/python/colcon_distutils_commands:/home/vboxuser/ros2_ws/install/examples_rclpy_minimal_service/lib/python3.10/site-packages:${PYTHONPATH} /usr/bin/python3 -W ignore:setup.py install is deprecated -W ignore:easy_install command is deprecated setup.py develop --editable --build-directory /home/vboxuser/ros2_ws/build/examples_rclpy_minimal_service/build --no-deps symlink_data
