[3.480s] Invoking command in '/home/vboxuser/ros2_ws/build/examples_rclpy_minimal_client': PYTHONPATH=/home/vboxuser/ros2_ws/build/examples_rclpy_minimal_client/prefix_override:/usr/lib/python3/dist-packages/colcon_core/task/python/colcon_distutils_commands:/home/vboxuser/ros2_ws/install/examples_rclpy_minimal_client/lib/python3.10/site-packages:${PYTHONPATH} /usr/bin/python3 -W ignore:setup.py install is deprecated -W ignore:easy_install command is deprecated setup.py develop --editable --build-directory /home/vboxuser/ros2_ws/build/examples_rclpy_minimal_client/build --no-deps symlink_data
[4.103s] running develop
[4.939s] running egg_info
[4.940s] creating examples_rclpy_minimal_client.egg-info
[4.940s] writing examples_rclpy_minimal_client.egg-info/PKG-INFO
[4.940s] writing dependency_links to examples_rclpy_minimal_client.egg-info/dependency_links.txt
[4.940s] writing entry points to examples_rclpy_minimal_client.egg-info/entry_points.txt
[4.940s] writing requirements to examples_rclpy_minimal_client.egg-info/requires.txt
[4.940s] writing top-level names to examples_rclpy_minimal_client.egg-info/top_level.txt
[4.941s] writing manifest file 'examples_rclpy_minimal_client.egg-info/SOURCES.txt'
[4.996s] reading manifest file 'examples_rclpy_minimal_client.egg-info/SOURCES.txt'
[4.997s] writing manifest file 'examples_rclpy_minimal_client.egg-info/SOURCES.txt'
[5.019s] running build_ext
[5.019s] Creating /home/vboxuser/ros2_ws/install/examples_rclpy_minimal_client/lib/python3.10/site-packages/examples-rclpy-minimal-client.egg-link (link to .)
[5.021s] Installing client script to /home/vboxuser/ros2_ws/install/examples_rclpy_minimal_client/lib/examples_rclpy_minimal_client
[5.021s] Installing client_async script to /home/vboxuser/ros2_ws/install/examples_rclpy_minimal_client/lib/examples_rclpy_minimal_client
[5.023s] Installing client_async_callback script to /home/vboxuser/ros2_ws/install/examples_rclpy_minimal_client/lib/examples_rclpy_minimal_client
[5.024s] Installing client_async_member_function script to /home/vboxuser/ros2_ws/install/examples_rclpy_minimal_client/lib/examples_rclpy_minimal_client
[5.025s] 
[5.025s] Installed /home/vboxuser/ros2_ws/build/examples_rclpy_minimal_client
[5.026s] running symlink_data
[5.039s] creating /home/vboxuser/ros2_ws/install/examples_rclpy_minimal_client/share/ament_index
[5.041s] creating /home/vboxuser/ros2_ws/install/examples_rclpy_minimal_client/share/ament_index/resource_index
[5.041s] creating /home/vboxuser/ros2_ws/install/examples_rclpy_minimal_client/share/ament_index/resource_index/packages
[5.041s] symbolically linking /home/vboxuser/ros2_ws/build/examples_rclpy_minimal_client/resource/examples_rclpy_minimal_client -> /home/vboxuser/ros2_ws/install/examples_rclpy_minimal_client/share/ament_index/resource_index/packages
[5.042s] symbolically linking /home/vboxuser/ros2_ws/build/examples_rclpy_minimal_client/package.xml -> /home/vboxuser/ros2_ws/install/examples_rclpy_minimal_client/share/examples_rclpy_minimal_client
[5.186s] Invoked command in '/home/vboxuser/ros2_ws/build/examples_rclpy_minimal_client' returned '0': PYTHONPATH=/home/vboxuser/ros2_ws/build/examples_rclpy_minimal_client/prefix_override:/usr/lib/python3/dist-packages/colcon_core/task/python/colcon_distutils_commands:/home/vboxuser/ros2_ws/install/examples_rclpy_minimal_client/lib/python3.10/site-packages:${PYTHONPATH} /usr/bin/python3 -W ignore:setup.py install is deprecated -W ignore:easy_install command is deprecated setup.py develop --editable --build-directory /home/vboxuser/ros2_ws/build/examples_rclpy_minimal_client/build --no-deps symlink_data
