[0.120s] Invoking command in '/home/vboxuser/ros2_ws/build/turtlesim': CMAKE_PREFIX_PATH=${CMAKE_PREFIX_PATH}:/opt/ros/iron:/home/vboxuser/ros2_iron/install/rqt_bag_plugins:/home/vboxuser/ros2_iron/install/rqt_bag:/home/vboxuser/ros2_iron/install/rosbag2_examples_py:/home/vboxuser/ros2_iron/install/launch_testing_examples:/home/vboxuser/ros2_iron/install/ros2bag:/home/vboxuser/ros2_iron/install/tracetools_test:/home/vboxuser/ros2_iron/install/tracetools_launch:/home/vboxuser/ros2_iron/install/topic_monitor:/home/vboxuser/ros2_iron/install/tf2_tools:/home/vboxuser/ros2_iron/install/examples_tf2_py:/home/vboxuser/ros2_iron/install/tf2_ros_py:/home/vboxuser/ros2_iron/install/examples_rclpy_pointcloud_publisher:/home/vboxuser/ros2_iron/install/sensor_msgs_py:/home/vboxuser/ros2_iron/install/quality_of_service_demo_py:/home/vboxuser/ros2_iron/install/rqt_plot:/home/vboxuser/ros2_iron/install/ros2doctor:/home/vboxuser/ros2_iron/install/lifecycle_py:/home/vboxuser/ros2_iron/install/examples_rclpy_minimal_subscriber:/home/vboxuser/ros2_iron/install/examples_rclpy_minimal_service:/home/vboxuser/ros2_iron/install/examples_rclpy_minimal_publisher:/home/vboxuser/ros2_iron/install/examples_rclpy_minimal_client:/home/vboxuser/ros2_iron/install/examples_rclpy_executors:/home/vboxuser/ros2_iron/install/demo_nodes_py:/home/vboxuser/ros2_iron/install/rqt:/home/vboxuser/ros2_iron/install/ros2component:/home/vboxuser/ros2_iron/install/sros2:/home/vboxuser/ros2_iron/install/rqt_topic:/home/vboxuser/ros2_iron/install/rqt_srv:/home/vboxuser/ros2_iron/install/rqt_shell:/home/vboxuser/ros2_iron/install/rqt_service_caller:/home/vboxuser/ros2_iron/install/rqt_reconfigure:/home/vboxuser/ros2_iron/install/rqt_py_console:/home/vboxuser/ros2_iron/install/rqt_publisher:/home/vboxuser/ros2_iron/install/rqt_action:/home/vboxuser/ros2_iron/install/rqt_msg:/home/vboxuser/ros2_iron/install/rqt_console:/home/vboxuser/ros2_iron/install/rqt_graph:/home/vboxuser/ros2_iron/install/rqt_gui_py:/home/vboxuser/ros2_iron/install/rqt_gui:/home/vboxuser/ros2_iron/install/ros2trace:/home/vboxuser/ros2_iron/install/ros2topic:/home/vboxuser/ros2_iron/install/ros2test:/home/vboxuser/ros2_iron/install/ros2param:/home/vboxuser/ros2_iron/install/ros2lifecycle:/home/vboxuser/ros2_iron/install/ros2service:/home/vboxuser/ros2_iron/install/ros2run:/home/vboxuser/ros2_iron/install/ros2launch:/home/vboxuser/ros2_iron/install/ros2pkg:/home/vboxuser/ros2_iron/install/ros2node:/home/vboxuser/ros2_iron/install/ros2multicast:/home/vboxuser/ros2_iron/install/ros2interface:/home/vboxuser/ros2_iron/install/ros2action:/home/vboxuser/ros2_iron/install/ros2cli:/home/vboxuser/ros2_iron/install/launch_testing_ros:/home/vboxuser/ros2_iron/install/launch_ros:/home/vboxuser/ros2_iron/install/examples_rclpy_minimal_action_server:/home/vboxuser/ros2_iron/install/examples_rclpy_minimal_action_client:/home/vboxuser/ros2_iron/install/examples_rclpy_guard_conditions:/home/vboxuser/ros2_iron/install/action_tutorials_py:/home/vboxuser/ros2_iron/install/ament_uncrustify:/home/vboxuser/ros2_iron/install/tracetools_trace:/home/vboxuser/ros2_iron/install/tracetools_read:/home/vboxuser/ros2_iron/install/test_tracetools_launch:/home/vboxuser/ros2_iron/install/test_ros2trace:/home/vboxuser/ros2_iron/install/test_launch_ros:/home/vboxuser/ros2_iron/install/rpyutils:/home/vboxuser/ros2_iron/install/rosidl_runtime_py:/home/vboxuser/ros2_iron/install/rosidl_pycommon:/home/vboxuser/ros2_iron/install/rosidl_cli:/home/vboxuser/ros2_iron/install/launch_pytest:/home/vboxuser/ros2_iron/install/launch_testing:/home/vboxuser/ros2_iron/install/launch_yaml:/home/vboxuser/ros2_iron/install/launch_xml:/home/vboxuser/ros2_iron/install/launch:/home/vboxuser/ros2_iron/install/osrf_pycommon:/home/vboxuser/ros2_iron/install/domain_coordinator:/home/vboxuser/ros2_iron/install/ament_xmllint:/home/vboxuser/ros2_iron/install/ament_pyflakes:/home/vboxuser/ros2_iron/install/ament_pycodestyle:/home/vboxuser/ros2_iron/install/ament_pep257:/home/vboxuser/ros2_iron/install/ament_pclint:/home/vboxuser/ros2_iron/install/ament_package:/home/vboxuser/ros2_iron/install/ament_mypy:/home/vboxuser/ros2_iron/install/ament_lint_cmake:/home/vboxuser/ros2_iron/install/ament_flake8:/home/vboxuser/ros2_iron/install/ament_copyright:/home/vboxuser/ros2_iron/install/ament_lint:/home/vboxuser/ros2_iron/install/ament_index_python:/home/vboxuser/ros2_iron/install/ament_cpplint:/home/vboxuser/ros2_iron/install/ament_cppcheck:/home/vboxuser/ros2_iron/install/ament_clang_tidy:/home/vboxuser/ros2_iron/install/ament_clang_format /usr/bin/cmake --build /home/vboxuser/ros2_ws/build/turtlesim -- -j4 -l4
[0.355s] [  0%] Built target turtlesim__rosidl_generator_type_description
[0.425s] [  0%] Built target ament_cmake_python_symlink_turtlesim
[0.496s] [  1%] Built target turtlesim__cpp
[0.542s] [ 24%] Built target turtlesim__rosidl_generator_c
[0.788s] [ 32%] Built target turtlesim__rosidl_typesupport_cpp
[0.834s] [ 40%] Built target turtlesim__rosidl_typesupport_fastrtps_cpp
[0.852s] [ 49%] Built target turtlesim__rosidl_typesupport_fastrtps_c
[0.958s] [ 58%] Built target turtlesim__rosidl_typesupport_introspection_c
[1.057s] [ 66%] Built target turtlesim__rosidl_typesupport_introspection_cpp
[1.062s] [ 75%] Built target turtlesim__rosidl_typesupport_c
[1.139s] [ 76%] [32mBuilding CXX object CMakeFiles/turtlesim_node.dir/src/turtle_frame.cpp.o[0m
[1.393s] [ 78%] Built target turtle_teleop_key
[1.394s] [ 79%] Built target draw_square
[1.708s] [ 81%] Built target mimic
[1.709s] [ 81%] Built target turtlesim
[1.771s] running egg_info
[1.772s] writing turtlesim.egg-info/PKG-INFO
[1.772s] writing dependency_links to turtlesim.egg-info/dependency_links.txt
[1.772s] writing top-level names to turtlesim.egg-info/top_level.txt
[1.778s] reading manifest file 'turtlesim.egg-info/SOURCES.txt'
[1.778s] writing manifest file 'turtlesim.egg-info/SOURCES.txt'
[1.802s] [ 81%] Built target turtlesim__py
[1.916s] [ 81%] Built target ament_cmake_python_build_turtlesim_egg
[1.930s] [ 89%] Built target turtlesim__rosidl_generator_py
[2.030s] [ 91%] Built target turtlesim__rosidl_typesupport_introspection_c__pyext
[2.062s] [ 93%] Built target turtlesim__rosidl_typesupport_fastrtps_c__pyext
[2.178s] [ 95%] Built target turtlesim__rosidl_typesupport_c__pyext
[15.401s] [ 96%] [32m[1mLinking CXX executable turtlesim_node[0m
[20.984s] [100%] Built target turtlesim_node
[21.049s] Invoked command in '/home/vboxuser/ros2_ws/build/turtlesim' returned '0': CMAKE_PREFIX_PATH=${CMAKE_PREFIX_PATH}:/opt/ros/iron:/home/vboxuser/ros2_iron/install/rqt_bag_plugins:/home/vboxuser/ros2_iron/install/rqt_bag:/home/vboxuser/ros2_iron/install/rosbag2_examples_py:/home/vboxuser/ros2_iron/install/launch_testing_examples:/home/vboxuser/ros2_iron/install/ros2bag:/home/vboxuser/ros2_iron/install/tracetools_test:/home/vboxuser/ros2_iron/install/tracetools_launch:/home/vboxuser/ros2_iron/install/topic_monitor:/home/vboxuser/ros2_iron/install/tf2_tools:/home/vboxuser/ros2_iron/install/examples_tf2_py:/home/vboxuser/ros2_iron/install/tf2_ros_py:/home/vboxuser/ros2_iron/install/examples_rclpy_pointcloud_publisher:/home/vboxuser/ros2_iron/install/sensor_msgs_py:/home/vboxuser/ros2_iron/install/quality_of_service_demo_py:/home/vboxuser/ros2_iron/install/rqt_plot:/home/vboxuser/ros2_iron/install/ros2doctor:/home/vboxuser/ros2_iron/install/lifecycle_py:/home/vboxuser/ros2_iron/install/examples_rclpy_minimal_subscriber:/home/vboxuser/ros2_iron/install/examples_rclpy_minimal_service:/home/vboxuser/ros2_iron/install/examples_rclpy_minimal_publisher:/home/vboxuser/ros2_iron/install/examples_rclpy_minimal_client:/home/vboxuser/ros2_iron/install/examples_rclpy_executors:/home/vboxuser/ros2_iron/install/demo_nodes_py:/home/vboxuser/ros2_iron/install/rqt:/home/vboxuser/ros2_iron/install/ros2component:/home/vboxuser/ros2_iron/install/sros2:/home/vboxuser/ros2_iron/install/rqt_topic:/home/vboxuser/ros2_iron/install/rqt_srv:/home/vboxuser/ros2_iron/install/rqt_shell:/home/vboxuser/ros2_iron/install/rqt_service_caller:/home/vboxuser/ros2_iron/install/rqt_reconfigure:/home/vboxuser/ros2_iron/install/rqt_py_console:/home/vboxuser/ros2_iron/install/rqt_publisher:/home/vboxuser/ros2_iron/install/rqt_action:/home/vboxuser/ros2_iron/install/rqt_msg:/home/vboxuser/ros2_iron/install/rqt_console:/home/vboxuser/ros2_iron/install/rqt_graph:/home/vboxuser/ros2_iron/install/rqt_gui_py:/home/vboxuser/ros2_iron/install/rqt_gui:/home/vboxuser/ros2_iron/install/ros2trace:/home/vboxuser/ros2_iron/install/ros2topic:/home/vboxuser/ros2_iron/install/ros2test:/home/vboxuser/ros2_iron/install/ros2param:/home/vboxuser/ros2_iron/install/ros2lifecycle:/home/vboxuser/ros2_iron/install/ros2service:/home/vboxuser/ros2_iron/install/ros2run:/home/vboxuser/ros2_iron/install/ros2launch:/home/vboxuser/ros2_iron/install/ros2pkg:/home/vboxuser/ros2_iron/install/ros2node:/home/vboxuser/ros2_iron/install/ros2multicast:/home/vboxuser/ros2_iron/install/ros2interface:/home/vboxuser/ros2_iron/install/ros2action:/home/vboxuser/ros2_iron/install/ros2cli:/home/vboxuser/ros2_iron/install/launch_testing_ros:/home/vboxuser/ros2_iron/install/launch_ros:/home/vboxuser/ros2_iron/install/examples_rclpy_minimal_action_server:/home/vboxuser/ros2_iron/install/examples_rclpy_minimal_action_client:/home/vboxuser/ros2_iron/install/examples_rclpy_guard_conditions:/home/vboxuser/ros2_iron/install/action_tutorials_py:/home/vboxuser/ros2_iron/install/ament_uncrustify:/home/vboxuser/ros2_iron/install/tracetools_trace:/home/vboxuser/ros2_iron/install/tracetools_read:/home/vboxuser/ros2_iron/install/test_tracetools_launch:/home/vboxuser/ros2_iron/install/test_ros2trace:/home/vboxuser/ros2_iron/install/test_launch_ros:/home/vboxuser/ros2_iron/install/rpyutils:/home/vboxuser/ros2_iron/install/rosidl_runtime_py:/home/vboxuser/ros2_iron/install/rosidl_pycommon:/home/vboxuser/ros2_iron/install/rosidl_cli:/home/vboxuser/ros2_iron/install/launch_pytest:/home/vboxuser/ros2_iron/install/launch_testing:/home/vboxuser/ros2_iron/install/launch_yaml:/home/vboxuser/ros2_iron/install/launch_xml:/home/vboxuser/ros2_iron/install/launch:/home/vboxuser/ros2_iron/install/osrf_pycommon:/home/vboxuser/ros2_iron/install/domain_coordinator:/home/vboxuser/ros2_iron/install/ament_xmllint:/home/vboxuser/ros2_iron/install/ament_pyflakes:/home/vboxuser/ros2_iron/install/ament_pycodestyle:/home/vboxuser/ros2_iron/install/ament_pep257:/home/vboxuser/ros2_iron/install/ament_pclint:/home/vboxuser/ros2_iron/install/ament_package:/home/vboxuser/ros2_iron/install/ament_mypy:/home/vboxuser/ros2_iron/install/ament_lint_cmake:/home/vboxuser/ros2_iron/install/ament_flake8:/home/vboxuser/ros2_iron/install/ament_copyright:/home/vboxuser/ros2_iron/install/ament_lint:/home/vboxuser/ros2_iron/install/ament_index_python:/home/vboxuser/ros2_iron/install/ament_cpplint:/home/vboxuser/ros2_iron/install/ament_cppcheck:/home/vboxuser/ros2_iron/install/ament_clang_tidy:/home/vboxuser/ros2_iron/install/ament_clang_format /usr/bin/cmake --build /home/vboxuser/ros2_ws/build/turtlesim -- -j4 -l4
[21.063s] Invoking command in '/home/vboxuser/ros2_ws/build/turtlesim': CMAKE_PREFIX_PATH=${CMAKE_PREFIX_PATH}:/opt/ros/iron:/home/vboxuser/ros2_iron/install/rqt_bag_plugins:/home/vboxuser/ros2_iron/install/rqt_bag:/home/vboxuser/ros2_iron/install/rosbag2_examples_py:/home/vboxuser/ros2_iron/install/launch_testing_examples:/home/vboxuser/ros2_iron/install/ros2bag:/home/vboxuser/ros2_iron/install/tracetools_test:/home/vboxuser/ros2_iron/install/tracetools_launch:/home/vboxuser/ros2_iron/install/topic_monitor:/home/vboxuser/ros2_iron/install/tf2_tools:/home/vboxuser/ros2_iron/install/examples_tf2_py:/home/vboxuser/ros2_iron/install/tf2_ros_py:/home/vboxuser/ros2_iron/install/examples_rclpy_pointcloud_publisher:/home/vboxuser/ros2_iron/install/sensor_msgs_py:/home/vboxuser/ros2_iron/install/quality_of_service_demo_py:/home/vboxuser/ros2_iron/install/rqt_plot:/home/vboxuser/ros2_iron/install/ros2doctor:/home/vboxuser/ros2_iron/install/lifecycle_py:/home/vboxuser/ros2_iron/install/examples_rclpy_minimal_subscriber:/home/vboxuser/ros2_iron/install/examples_rclpy_minimal_service:/home/vboxuser/ros2_iron/install/examples_rclpy_minimal_publisher:/home/vboxuser/ros2_iron/install/examples_rclpy_minimal_client:/home/vboxuser/ros2_iron/install/examples_rclpy_executors:/home/vboxuser/ros2_iron/install/demo_nodes_py:/home/vboxuser/ros2_iron/install/rqt:/home/vboxuser/ros2_iron/install/ros2component:/home/vboxuser/ros2_iron/install/sros2:/home/vboxuser/ros2_iron/install/rqt_topic:/home/vboxuser/ros2_iron/install/rqt_srv:/home/vboxuser/ros2_iron/install/rqt_shell:/home/vboxuser/ros2_iron/install/rqt_service_caller:/home/vboxuser/ros2_iron/install/rqt_reconfigure:/home/vboxuser/ros2_iron/install/rqt_py_console:/home/vboxuser/ros2_iron/install/rqt_publisher:/home/vboxuser/ros2_iron/install/rqt_action:/home/vboxuser/ros2_iron/install/rqt_msg:/home/vboxuser/ros2_iron/install/rqt_console:/home/vboxuser/ros2_iron/install/rqt_graph:/home/vboxuser/ros2_iron/install/rqt_gui_py:/home/vboxuser/ros2_iron/install/rqt_gui:/home/vboxuser/ros2_iron/install/ros2trace:/home/vboxuser/ros2_iron/install/ros2topic:/home/vboxuser/ros2_iron/install/ros2test:/home/vboxuser/ros2_iron/install/ros2param:/home/vboxuser/ros2_iron/install/ros2lifecycle:/home/vboxuser/ros2_iron/install/ros2service:/home/vboxuser/ros2_iron/install/ros2run:/home/vboxuser/ros2_iron/install/ros2launch:/home/vboxuser/ros2_iron/install/ros2pkg:/home/vboxuser/ros2_iron/install/ros2node:/home/vboxuser/ros2_iron/install/ros2multicast:/home/vboxuser/ros2_iron/install/ros2interface:/home/vboxuser/ros2_iron/install/ros2action:/home/vboxuser/ros2_iron/install/ros2cli:/home/vboxuser/ros2_iron/install/launch_testing_ros:/home/vboxuser/ros2_iron/install/launch_ros:/home/vboxuser/ros2_iron/install/examples_rclpy_minimal_action_server:/home/vboxuser/ros2_iron/install/examples_rclpy_minimal_action_client:/home/vboxuser/ros2_iron/install/examples_rclpy_guard_conditions:/home/vboxuser/ros2_iron/install/action_tutorials_py:/home/vboxuser/ros2_iron/install/ament_uncrustify:/home/vboxuser/ros2_iron/install/tracetools_trace:/home/vboxuser/ros2_iron/install/tracetools_read:/home/vboxuser/ros2_iron/install/test_tracetools_launch:/home/vboxuser/ros2_iron/install/test_ros2trace:/home/vboxuser/ros2_iron/install/test_launch_ros:/home/vboxuser/ros2_iron/install/rpyutils:/home/vboxuser/ros2_iron/install/rosidl_runtime_py:/home/vboxuser/ros2_iron/install/rosidl_pycommon:/home/vboxuser/ros2_iron/install/rosidl_cli:/home/vboxuser/ros2_iron/install/launch_pytest:/home/vboxuser/ros2_iron/install/launch_testing:/home/vboxuser/ros2_iron/install/launch_yaml:/home/vboxuser/ros2_iron/install/launch_xml:/home/vboxuser/ros2_iron/install/launch:/home/vboxuser/ros2_iron/install/osrf_pycommon:/home/vboxuser/ros2_iron/install/domain_coordinator:/home/vboxuser/ros2_iron/install/ament_xmllint:/home/vboxuser/ros2_iron/install/ament_pyflakes:/home/vboxuser/ros2_iron/install/ament_pycodestyle:/home/vboxuser/ros2_iron/install/ament_pep257:/home/vboxuser/ros2_iron/install/ament_pclint:/home/vboxuser/ros2_iron/install/ament_package:/home/vboxuser/ros2_iron/install/ament_mypy:/home/vboxuser/ros2_iron/install/ament_lint_cmake:/home/vboxuser/ros2_iron/install/ament_flake8:/home/vboxuser/ros2_iron/install/ament_copyright:/home/vboxuser/ros2_iron/install/ament_lint:/home/vboxuser/ros2_iron/install/ament_index_python:/home/vboxuser/ros2_iron/install/ament_cpplint:/home/vboxuser/ros2_iron/install/ament_cppcheck:/home/vboxuser/ros2_iron/install/ament_clang_tidy:/home/vboxuser/ros2_iron/install/ament_clang_format /usr/bin/cmake --install /home/vboxuser/ros2_ws/build/turtlesim
[21.100s] -- Install configuration: ""
[21.103s] -- Execute custom install script
[21.103s] -- Up-to-date symlink: /home/vboxuser/ros2_ws/install/turtlesim/share/ament_index/resource_index/rosidl_interfaces/turtlesim
[21.104s] -- Up-to-date symlink: /home/vboxuser/ros2_ws/install/turtlesim/share/turtlesim/action/RotateAbsolute.json
[21.111s] -- Up-to-date symlink: /home/vboxuser/ros2_ws/install/turtlesim/share/turtlesim/msg/Color.json
[21.111s] -- Up-to-date symlink: /home/vboxuser/ros2_ws/install/turtlesim/share/turtlesim/msg/Pose.json
[21.111s] -- Up-to-date symlink: /home/vboxuser/ros2_ws/install/turtlesim/share/turtlesim/srv/Kill.json
[21.111s] -- Up-to-date symlink: /home/vboxuser/ros2_ws/install/turtlesim/share/turtlesim/srv/SetPen.json
[21.112s] -- Up-to-date symlink: /home/vboxuser/ros2_ws/install/turtlesim/share/turtlesim/srv/Spawn.json
[21.112s] -- Up-to-date symlink: /home/vboxuser/ros2_ws/install/turtlesim/share/turtlesim/srv/TeleportAbsolute.json
[21.112s] -- Up-to-date symlink: /home/vboxuser/ros2_ws/install/turtlesim/share/turtlesim/srv/TeleportRelative.json
[21.113s] -- Up-to-date symlink: /home/vboxuser/ros2_ws/install/turtlesim/include/turtlesim/turtlesim/action/detail/rotate_absolute__functions.h
[21.113s] -- Up-to-date symlink: /home/vboxuser/ros2_ws/install/turtlesim/include/turtlesim/turtlesim/action/detail/rotate_absolute__struct.h
[21.114s] -- Up-to-date symlink: /home/vboxuser/ros2_ws/install/turtlesim/include/turtlesim/turtlesim/action/detail/rotate_absolute__type_support.h
[21.114s] -- Up-to-date symlink: /home/vboxuser/ros2_ws/install/turtlesim/include/turtlesim/turtlesim/action/rotate_absolute.h
[21.114s] -- Up-to-date symlink: /home/vboxuser/ros2_ws/install/turtlesim/include/turtlesim/turtlesim/msg/color.h
[21.114s] -- Up-to-date symlink: /home/vboxuser/ros2_ws/install/turtlesim/include/turtlesim/turtlesim/msg/detail/color__functions.h
[21.115s] -- Up-to-date symlink: /home/vboxuser/ros2_ws/install/turtlesim/include/turtlesim/turtlesim/msg/detail/color__struct.h
[21.115s] -- Up-to-date symlink: /home/vboxuser/ros2_ws/install/turtlesim/include/turtlesim/turtlesim/msg/detail/color__type_support.h
[21.115s] -- Up-to-date symlink: /home/vboxuser/ros2_ws/install/turtlesim/include/turtlesim/turtlesim/msg/detail/pose__functions.h
[21.115s] -- Up-to-date symlink: /home/vboxuser/ros2_ws/install/turtlesim/include/turtlesim/turtlesim/msg/detail/pose__struct.h
[21.115s] -- Up-to-date symlink: /home/vboxuser/ros2_ws/install/turtlesim/include/turtlesim/turtlesim/msg/detail/pose__type_support.h
[21.115s] -- Up-to-date symlink: /home/vboxuser/ros2_ws/install/turtlesim/include/turtlesim/turtlesim/msg/pose.h
[21.115s] -- Up-to-date symlink: /home/vboxuser/ros2_ws/install/turtlesim/include/turtlesim/turtlesim/msg/rosidl_generator_c__visibility_control.h
[21.115s] -- Up-to-date symlink: /home/vboxuser/ros2_ws/install/turtlesim/include/turtlesim/turtlesim/srv/detail/kill__functions.h
[21.116s] -- Up-to-date symlink: /home/vboxuser/ros2_ws/install/turtlesim/include/turtlesim/turtlesim/srv/detail/kill__struct.h
[21.116s] -- Up-to-date symlink: /home/vboxuser/ros2_ws/install/turtlesim/include/turtlesim/turtlesim/srv/detail/kill__type_support.h
[21.117s] -- Up-to-date symlink: /home/vboxuser/ros2_ws/install/turtlesim/include/turtlesim/turtlesim/srv/detail/set_pen__functions.h
[21.117s] -- Up-to-date symlink: /home/vboxuser/ros2_ws/install/turtlesim/include/turtlesim/turtlesim/srv/detail/set_pen__struct.h
[21.117s] -- Up-to-date symlink: /home/vboxuser/ros2_ws/install/turtlesim/include/turtlesim/turtlesim/srv/detail/set_pen__type_support.h
[21.117s] -- Up-to-date symlink: /home/vboxuser/ros2_ws/install/turtlesim/include/turtlesim/turtlesim/srv/detail/spawn__functions.h
[21.117s] -- Up-to-date symlink: /home/vboxuser/ros2_ws/install/turtlesim/include/turtlesim/turtlesim/srv/detail/spawn__struct.h
[21.119s] -- Up-to-date symlink: /home/vboxuser/ros2_ws/install/turtlesim/include/turtlesim/turtlesim/srv/detail/spawn__type_support.h
[21.119s] -- Up-to-date symlink: /home/vboxuser/ros2_ws/install/turtlesim/include/turtlesim/turtlesim/srv/detail/teleport_absolute__functions.h
[21.119s] -- Up-to-date symlink: /home/vboxuser/ros2_ws/install/turtlesim/include/turtlesim/turtlesim/srv/detail/teleport_absolute__struct.h
[21.119s] -- Up-to-date symlink: /home/vboxuser/ros2_ws/install/turtlesim/include/turtlesim/turtlesim/srv/detail/teleport_absolute__type_support.h
[21.119s] -- Up-to-date symlink: /home/vboxuser/ros2_ws/install/turtlesim/include/turtlesim/turtlesim/srv/detail/teleport_relative__functions.h
[21.120s] -- Up-to-date symlink: /home/vboxuser/ros2_ws/install/turtlesim/include/turtlesim/turtlesim/srv/detail/teleport_relative__struct.h
[21.120s] -- Up-to-date symlink: /home/vboxuser/ros2_ws/install/turtlesim/include/turtlesim/turtlesim/srv/detail/teleport_relative__type_support.h
[21.120s] -- Up-to-date symlink: /home/vboxuser/ros2_ws/install/turtlesim/include/turtlesim/turtlesim/srv/kill.h
[21.120s] -- Up-to-date symlink: /home/vboxuser/ros2_ws/install/turtlesim/include/turtlesim/turtlesim/srv/set_pen.h
[21.120s] -- Up-to-date symlink: /home/vboxuser/ros2_ws/install/turtlesim/include/turtlesim/turtlesim/srv/spawn.h
[21.120s] -- Up-to-date symlink: /home/vboxuser/ros2_ws/install/turtlesim/include/turtlesim/turtlesim/srv/teleport_absolute.h
[21.121s] -- Up-to-date symlink: /home/vboxuser/ros2_ws/install/turtlesim/include/turtlesim/turtlesim/srv/teleport_relative.h
[21.121s] -- Up-to-date symlink: /home/vboxuser/ros2_ws/install/turtlesim/share/turtlesim/environment/library_path.sh
[21.121s] -- Up-to-date symlink: /home/vboxuser/ros2_ws/install/turtlesim/share/turtlesim/environment/library_path.dsv
[21.124s] -- Up-to-date symlink: /home/vboxuser/ros2_ws/install/turtlesim/include/turtlesim/turtlesim/action/detail/rotate_absolute__rosidl_typesupport_fastrtps_c.h
[21.126s] -- Up-to-date symlink: /home/vboxuser/ros2_ws/install/turtlesim/include/turtlesim/turtlesim/msg/detail/color__rosidl_typesupport_fastrtps_c.h
[21.128s] -- Up-to-date symlink: /home/vboxuser/ros2_ws/install/turtlesim/include/turtlesim/turtlesim/msg/detail/pose__rosidl_typesupport_fastrtps_c.h
[21.129s] -- Up-to-date symlink: /home/vboxuser/ros2_ws/install/turtlesim/include/turtlesim/turtlesim/msg/rosidl_typesupport_fastrtps_c__visibility_control.h
[21.129s] -- Up-to-date symlink: /home/vboxuser/ros2_ws/install/turtlesim/include/turtlesim/turtlesim/srv/detail/kill__rosidl_typesupport_fastrtps_c.h
[21.129s] -- Up-to-date symlink: /home/vboxuser/ros2_ws/install/turtlesim/include/turtlesim/turtlesim/srv/detail/set_pen__rosidl_typesupport_fastrtps_c.h
[21.130s] -- Up-to-date symlink: /home/vboxuser/ros2_ws/install/turtlesim/include/turtlesim/turtlesim/srv/detail/spawn__rosidl_typesupport_fastrtps_c.h
[21.131s] -- Up-to-date symlink: /home/vboxuser/ros2_ws/install/turtlesim/include/turtlesim/turtlesim/srv/detail/teleport_absolute__rosidl_typesupport_fastrtps_c.h
[21.131s] -- Up-to-date symlink: /home/vboxuser/ros2_ws/install/turtlesim/include/turtlesim/turtlesim/srv/detail/teleport_relative__rosidl_typesupport_fastrtps_c.h
[21.132s] -- Up-to-date symlink: /home/vboxuser/ros2_ws/install/turtlesim/include/turtlesim/turtlesim/action/detail/rotate_absolute__builder.hpp
[21.132s] -- Up-to-date symlink: /home/vboxuser/ros2_ws/install/turtlesim/include/turtlesim/turtlesim/action/detail/rotate_absolute__struct.hpp
[21.132s] -- Up-to-date symlink: /home/vboxuser/ros2_ws/install/turtlesim/include/turtlesim/turtlesim/action/detail/rotate_absolute__traits.hpp
[21.133s] -- Up-to-date symlink: /home/vboxuser/ros2_ws/install/turtlesim/include/turtlesim/turtlesim/action/rotate_absolute.hpp
[21.134s] -- Up-to-date symlink: /home/vboxuser/ros2_ws/install/turtlesim/include/turtlesim/turtlesim/msg/color.hpp
[21.134s] -- Up-to-date symlink: /home/vboxuser/ros2_ws/install/turtlesim/include/turtlesim/turtlesim/msg/detail/color__builder.hpp
[21.135s] -- Up-to-date symlink: /home/vboxuser/ros2_ws/install/turtlesim/include/turtlesim/turtlesim/msg/detail/color__struct.hpp
[21.136s] -- Up-to-date symlink: /home/vboxuser/ros2_ws/install/turtlesim/include/turtlesim/turtlesim/msg/detail/color__traits.hpp
[21.136s] -- Up-to-date symlink: /home/vboxuser/ros2_ws/install/turtlesim/include/turtlesim/turtlesim/msg/detail/pose__builder.hpp
[21.137s] -- Up-to-date symlink: /home/vboxuser/ros2_ws/install/turtlesim/include/turtlesim/turtlesim/msg/detail/pose__struct.hpp
[21.141s] -- Up-to-date symlink: /home/vboxuser/ros2_ws/install/turtlesim/include/turtlesim/turtlesim/msg/detail/pose__traits.hpp
[21.142s] -- Up-to-date symlink: /home/vboxuser/ros2_ws/install/turtlesim/include/turtlesim/turtlesim/msg/pose.hpp
[21.142s] -- Up-to-date symlink: /home/vboxuser/ros2_ws/install/turtlesim/include/turtlesim/turtlesim/srv/detail/kill__builder.hpp
[21.142s] -- Up-to-date symlink: /home/vboxuser/ros2_ws/install/turtlesim/include/turtlesim/turtlesim/srv/detail/kill__struct.hpp
[21.142s] -- Up-to-date symlink: /home/vboxuser/ros2_ws/install/turtlesim/include/turtlesim/turtlesim/srv/detail/kill__traits.hpp
[21.143s] -- Up-to-date symlink: /home/vboxuser/ros2_ws/install/turtlesim/include/turtlesim/turtlesim/srv/detail/set_pen__builder.hpp
[21.143s] -- Up-to-date symlink: /home/vboxuser/ros2_ws/install/turtlesim/include/turtlesim/turtlesim/srv/detail/set_pen__struct.hpp
[21.144s] -- Up-to-date symlink: /home/vboxuser/ros2_ws/install/turtlesim/include/turtlesim/turtlesim/srv/detail/set_pen__traits.hpp
[21.146s] -- Up-to-date symlink: /home/vboxuser/ros2_ws/install/turtlesim/include/turtlesim/turtlesim/srv/detail/spawn__builder.hpp
[21.146s] -- Up-to-date symlink: /home/vboxuser/ros2_ws/install/turtlesim/include/turtlesim/turtlesim/srv/detail/spawn__struct.hpp
[21.146s] -- Up-to-date symlink: /home/vboxuser/ros2_ws/install/turtlesim/include/turtlesim/turtlesim/srv/detail/spawn__traits.hpp
[21.146s] -- Up-to-date symlink: /home/vboxuser/ros2_ws/install/turtlesim/include/turtlesim/turtlesim/srv/detail/teleport_absolute__builder.hpp
[21.147s] -- Up-to-date symlink: /home/vboxuser/ros2_ws/install/turtlesim/include/turtlesim/turtlesim/srv/detail/teleport_absolute__struct.hpp
[21.147s] -- Up-to-date symlink: /home/vboxuser/ros2_ws/install/turtlesim/include/turtlesim/turtlesim/srv/detail/teleport_absolute__traits.hpp
[21.147s] -- Up-to-date symlink: /home/vboxuser/ros2_ws/install/turtlesim/include/turtlesim/turtlesim/srv/detail/teleport_relative__builder.hpp
[21.147s] -- Up-to-date symlink: /home/vboxuser/ros2_ws/install/turtlesim/include/turtlesim/turtlesim/srv/detail/teleport_relative__struct.hpp
[21.147s] -- Up-to-date symlink: /home/vboxuser/ros2_ws/install/turtlesim/include/turtlesim/turtlesim/srv/detail/teleport_relative__traits.hpp
[21.147s] -- Up-to-date symlink: /home/vboxuser/ros2_ws/install/turtlesim/include/turtlesim/turtlesim/srv/kill.hpp
[21.148s] -- Up-to-date symlink: /home/vboxuser/ros2_ws/install/turtlesim/include/turtlesim/turtlesim/srv/set_pen.hpp
[21.150s] -- Up-to-date symlink: /home/vboxuser/ros2_ws/install/turtlesim/include/turtlesim/turtlesim/srv/spawn.hpp
[21.151s] -- Up-to-date symlink: /home/vboxuser/ros2_ws/install/turtlesim/include/turtlesim/turtlesim/srv/teleport_absolute.hpp
[21.151s] -- Up-to-date symlink: /home/vboxuser/ros2_ws/install/turtlesim/include/turtlesim/turtlesim/srv/teleport_relative.hpp
[21.152s] -- Up-to-date symlink: /home/vboxuser/ros2_ws/install/turtlesim/include/turtlesim/turtlesim/action/detail/rotate_absolute__rosidl_typesupport_fastrtps_cpp.hpp
[21.152s] -- Up-to-date symlink: /home/vboxuser/ros2_ws/install/turtlesim/include/turtlesim/turtlesim/msg/detail/color__rosidl_typesupport_fastrtps_cpp.hpp
[21.155s] -- Up-to-date symlink: /home/vboxuser/ros2_ws/install/turtlesim/include/turtlesim/turtlesim/msg/detail/pose__rosidl_typesupport_fastrtps_cpp.hpp
[21.158s] -- Up-to-date symlink: /home/vboxuser/ros2_ws/install/turtlesim/include/turtlesim/turtlesim/msg/rosidl_typesupport_fastrtps_cpp__visibility_control.h
[21.158s] -- Up-to-date symlink: /home/vboxuser/ros2_ws/install/turtlesim/include/turtlesim/turtlesim/srv/detail/kill__rosidl_typesupport_fastrtps_cpp.hpp
[21.162s] -- Up-to-date symlink: /home/vboxuser/ros2_ws/install/turtlesim/include/turtlesim/turtlesim/srv/detail/set_pen__rosidl_typesupport_fastrtps_cpp.hpp
[21.163s] -- Up-to-date symlink: /home/vboxuser/ros2_ws/install/turtlesim/include/turtlesim/turtlesim/srv/detail/spawn__rosidl_typesupport_fastrtps_cpp.hpp
[21.164s] -- Up-to-date symlink: /home/vboxuser/ros2_ws/install/turtlesim/include/turtlesim/turtlesim/srv/detail/teleport_absolute__rosidl_typesupport_fastrtps_cpp.hpp
[21.164s] -- Up-to-date symlink: /home/vboxuser/ros2_ws/install/turtlesim/include/turtlesim/turtlesim/srv/detail/teleport_relative__rosidl_typesupport_fastrtps_cpp.hpp
[21.164s] -- Up-to-date symlink: /home/vboxuser/ros2_ws/install/turtlesim/include/turtlesim/turtlesim/action/detail/rotate_absolute__rosidl_typesupport_introspection_c.h
[21.164s] -- Up-to-date symlink: /home/vboxuser/ros2_ws/install/turtlesim/include/turtlesim/turtlesim/msg/detail/color__rosidl_typesupport_introspection_c.h
[21.165s] -- Up-to-date symlink: /home/vboxuser/ros2_ws/install/turtlesim/include/turtlesim/turtlesim/msg/detail/pose__rosidl_typesupport_introspection_c.h
[21.165s] -- Up-to-date symlink: /home/vboxuser/ros2_ws/install/turtlesim/include/turtlesim/turtlesim/msg/rosidl_typesupport_introspection_c__visibility_control.h
[21.165s] -- Up-to-date symlink: /home/vboxuser/ros2_ws/install/turtlesim/include/turtlesim/turtlesim/srv/detail/kill__rosidl_typesupport_introspection_c.h
[21.166s] -- Up-to-date symlink: /home/vboxuser/ros2_ws/install/turtlesim/include/turtlesim/turtlesim/srv/detail/set_pen__rosidl_typesupport_introspection_c.h
[21.167s] -- Up-to-date symlink: /home/vboxuser/ros2_ws/install/turtlesim/include/turtlesim/turtlesim/srv/detail/spawn__rosidl_typesupport_introspection_c.h
[21.167s] -- Up-to-date symlink: /home/vboxuser/ros2_ws/install/turtlesim/include/turtlesim/turtlesim/srv/detail/teleport_absolute__rosidl_typesupport_introspection_c.h
[21.168s] -- Up-to-date symlink: /home/vboxuser/ros2_ws/install/turtlesim/include/turtlesim/turtlesim/srv/detail/teleport_relative__rosidl_typesupport_introspection_c.h
[21.168s] -- Up-to-date symlink: /home/vboxuser/ros2_ws/install/turtlesim/include/turtlesim/turtlesim/action/detail/rotate_absolute__rosidl_typesupport_introspection_cpp.hpp
[21.168s] -- Up-to-date symlink: /home/vboxuser/ros2_ws/install/turtlesim/include/turtlesim/turtlesim/msg/detail/color__rosidl_typesupport_introspection_cpp.hpp
[21.169s] -- Up-to-date symlink: /home/vboxuser/ros2_ws/install/turtlesim/include/turtlesim/turtlesim/msg/detail/pose__rosidl_typesupport_introspection_cpp.hpp
[21.169s] -- Up-to-date symlink: /home/vboxuser/ros2_ws/install/turtlesim/include/turtlesim/turtlesim/srv/detail/kill__rosidl_typesupport_introspection_cpp.hpp
[21.169s] -- Up-to-date symlink: /home/vboxuser/ros2_ws/install/turtlesim/include/turtlesim/turtlesim/srv/detail/set_pen__rosidl_typesupport_introspection_cpp.hpp
[21.169s] -- Up-to-date symlink: /home/vboxuser/ros2_ws/install/turtlesim/include/turtlesim/turtlesim/srv/detail/spawn__rosidl_typesupport_introspection_cpp.hpp
[21.169s] -- Up-to-date symlink: /home/vboxuser/ros2_ws/install/turtlesim/include/turtlesim/turtlesim/srv/detail/teleport_absolute__rosidl_typesupport_introspection_cpp.hpp
[21.169s] -- Up-to-date symlink: /home/vboxuser/ros2_ws/install/turtlesim/include/turtlesim/turtlesim/srv/detail/teleport_relative__rosidl_typesupport_introspection_cpp.hpp
[21.169s] -- Up-to-date symlink: /home/vboxuser/ros2_ws/install/turtlesim/share/turtlesim/environment/pythonpath.sh
[21.169s] -- Up-to-date symlink: /home/vboxuser/ros2_ws/install/turtlesim/share/turtlesim/environment/pythonpath.dsv
[21.169s] -- Up-to-date symlink: /home/vboxuser/ros2_ws/install/turtlesim/lib/python3.10/site-packages/turtlesim-1.6.1-py3.10.egg-info/PKG-INFO
[21.169s] -- Up-to-date symlink: /home/vboxuser/ros2_ws/install/turtlesim/lib/python3.10/site-packages/turtlesim-1.6.1-py3.10.egg-info/SOURCES.txt
[21.169s] -- Up-to-date symlink: /home/vboxuser/ros2_ws/install/turtlesim/lib/python3.10/site-packages/turtlesim-1.6.1-py3.10.egg-info/dependency_links.txt
[21.170s] -- Up-to-date symlink: /home/vboxuser/ros2_ws/install/turtlesim/lib/python3.10/site-packages/turtlesim-1.6.1-py3.10.egg-info/top_level.txt
[21.170s] -- Up-to-date symlink: /home/vboxuser/ros2_ws/install/turtlesim/lib/python3.10/site-packages/turtlesim/__init__.py
[21.170s] -- Up-to-date symlink: /home/vboxuser/ros2_ws/install/turtlesim/lib/python3.10/site-packages/turtlesim/_turtlesim_s.ep.rosidl_typesupport_c.c
[21.170s] -- Up-to-date symlink: /home/vboxuser/ros2_ws/install/turtlesim/lib/python3.10/site-packages/turtlesim/_turtlesim_s.ep.rosidl_typesupport_fastrtps_c.c
[21.170s] -- Up-to-date symlink: /home/vboxuser/ros2_ws/install/turtlesim/lib/python3.10/site-packages/turtlesim/_turtlesim_s.ep.rosidl_typesupport_introspection_c.c
[21.170s] -- Up-to-date symlink: /home/vboxuser/ros2_ws/install/turtlesim/lib/python3.10/site-packages/turtlesim/action/__init__.py
[21.170s] -- Up-to-date symlink: /home/vboxuser/ros2_ws/install/turtlesim/lib/python3.10/site-packages/turtlesim/action/_rotate_absolute.py
[21.171s] -- Up-to-date symlink: /home/vboxuser/ros2_ws/install/turtlesim/lib/python3.10/site-packages/turtlesim/action/_rotate_absolute_s.c
[21.171s] -- Up-to-date symlink: /home/vboxuser/ros2_ws/install/turtlesim/lib/python3.10/site-packages/turtlesim/libturtlesim__rosidl_generator_py.so
[21.171s] -- Up-to-date symlink: /home/vboxuser/ros2_ws/install/turtlesim/lib/python3.10/site-packages/turtlesim/msg/__init__.py
[21.171s] -- Up-to-date symlink: /home/vboxuser/ros2_ws/install/turtlesim/lib/python3.10/site-packages/turtlesim/msg/_color.py
[21.175s] -- Up-to-date symlink: /home/vboxuser/ros2_ws/install/turtlesim/lib/python3.10/site-packages/turtlesim/msg/_color_s.c
[21.177s] -- Up-to-date symlink: /home/vboxuser/ros2_ws/install/turtlesim/lib/python3.10/site-packages/turtlesim/msg/_pose.py
[21.177s] -- Up-to-date symlink: /home/vboxuser/ros2_ws/install/turtlesim/lib/python3.10/site-packages/turtlesim/msg/_pose_s.c
[21.177s] -- Up-to-date symlink: /home/vboxuser/ros2_ws/install/turtlesim/lib/python3.10/site-packages/turtlesim/srv/__init__.py
[21.178s] -- Up-to-date symlink: /home/vboxuser/ros2_ws/install/turtlesim/lib/python3.10/site-packages/turtlesim/srv/_kill.py
[21.178s] -- Up-to-date symlink: /home/vboxuser/ros2_ws/install/turtlesim/lib/python3.10/site-packages/turtlesim/srv/_kill_s.c
[21.178s] -- Up-to-date symlink: /home/vboxuser/ros2_ws/install/turtlesim/lib/python3.10/site-packages/turtlesim/srv/_set_pen.py
[21.178s] -- Up-to-date symlink: /home/vboxuser/ros2_ws/install/turtlesim/lib/python3.10/site-packages/turtlesim/srv/_set_pen_s.c
[21.179s] -- Up-to-date symlink: /home/vboxuser/ros2_ws/install/turtlesim/lib/python3.10/site-packages/turtlesim/srv/_spawn.py
[21.179s] -- Up-to-date symlink: /home/vboxuser/ros2_ws/install/turtlesim/lib/python3.10/site-packages/turtlesim/srv/_spawn_s.c
[21.179s] -- Up-to-date symlink: /home/vboxuser/ros2_ws/install/turtlesim/lib/python3.10/site-packages/turtlesim/srv/_teleport_absolute.py
[21.179s] -- Up-to-date symlink: /home/vboxuser/ros2_ws/install/turtlesim/lib/python3.10/site-packages/turtlesim/srv/_teleport_absolute_s.c
[21.179s] -- Up-to-date symlink: /home/vboxuser/ros2_ws/install/turtlesim/lib/python3.10/site-packages/turtlesim/srv/_teleport_relative.py
[21.179s] -- Up-to-date symlink: /home/vboxuser/ros2_ws/install/turtlesim/lib/python3.10/site-packages/turtlesim/srv/_teleport_relative_s.c
[21.179s] -- Up-to-date symlink: /home/vboxuser/ros2_ws/install/turtlesim/lib/python3.10/site-packages/turtlesim/turtlesim_s__rosidl_typesupport_c.cpython-310-x86_64-linux-gnu.so
[21.180s] -- Up-to-date symlink: /home/vboxuser/ros2_ws/install/turtlesim/lib/python3.10/site-packages/turtlesim/turtlesim_s__rosidl_typesupport_fastrtps_c.cpython-310-x86_64-linux-gnu.so
[21.180s] -- Up-to-date symlink: /home/vboxuser/ros2_ws/install/turtlesim/lib/python3.10/site-packages/turtlesim/turtlesim_s__rosidl_typesupport_introspection_c.cpython-310-x86_64-linux-gnu.so
[21.180s] -- Up-to-date symlink: /home/vboxuser/ros2_ws/install/turtlesim/lib/python3.10/site-packages/turtlesim/turtlesim_s__rosidl_typesupport_fastrtps_c.cpython-310-x86_64-linux-gnu.so
[21.180s] -- Up-to-date symlink: /home/vboxuser/ros2_ws/install/turtlesim/lib/python3.10/site-packages/turtlesim/turtlesim_s__rosidl_typesupport_introspection_c.cpython-310-x86_64-linux-gnu.so
[21.181s] -- Up-to-date symlink: /home/vboxuser/ros2_ws/install/turtlesim/lib/python3.10/site-packages/turtlesim/turtlesim_s__rosidl_typesupport_c.cpython-310-x86_64-linux-gnu.so
[21.182s] -- Up-to-date symlink: /home/vboxuser/ros2_ws/install/turtlesim/share/turtlesim/action/RotateAbsolute.idl
[21.183s] -- Up-to-date symlink: /home/vboxuser/ros2_ws/install/turtlesim/share/turtlesim/msg/Color.idl
[21.185s] -- Up-to-date symlink: /home/vboxuser/ros2_ws/install/turtlesim/share/turtlesim/msg/Pose.idl
[21.186s] -- Up-to-date symlink: /home/vboxuser/ros2_ws/install/turtlesim/share/turtlesim/srv/Kill.idl
[21.187s] -- Up-to-date symlink: /home/vboxuser/ros2_ws/install/turtlesim/share/turtlesim/srv/SetPen.idl
[21.188s] -- Up-to-date symlink: /home/vboxuser/ros2_ws/install/turtlesim/share/turtlesim/srv/Spawn.idl
[21.188s] -- Up-to-date symlink: /home/vboxuser/ros2_ws/install/turtlesim/share/turtlesim/srv/TeleportAbsolute.idl
[21.188s] -- Up-to-date symlink: /home/vboxuser/ros2_ws/install/turtlesim/share/turtlesim/srv/TeleportRelative.idl
[21.188s] -- Up-to-date symlink: /home/vboxuser/ros2_ws/install/turtlesim/share/turtlesim/action/RotateAbsolute.action
[21.188s] -- Up-to-date symlink: /home/vboxuser/ros2_ws/install/turtlesim/share/turtlesim/msg/Color.msg
[21.188s] -- Up-to-date symlink: /home/vboxuser/ros2_ws/install/turtlesim/share/turtlesim/msg/Pose.msg
[21.189s] -- Up-to-date symlink: /home/vboxuser/ros2_ws/install/turtlesim/share/turtlesim/srv/Kill.srv
[21.189s] -- Up-to-date symlink: /home/vboxuser/ros2_ws/install/turtlesim/share/turtlesim/srv/Kill_Request.msg
[21.189s] -- Up-to-date symlink: /home/vboxuser/ros2_ws/install/turtlesim/share/turtlesim/srv/Kill_Response.msg
[21.189s] -- Up-to-date symlink: /home/vboxuser/ros2_ws/install/turtlesim/share/turtlesim/srv/SetPen.srv
[21.189s] -- Up-to-date symlink: /home/vboxuser/ros2_ws/install/turtlesim/share/turtlesim/srv/SetPen_Request.msg
[21.190s] -- Up-to-date symlink: /home/vboxuser/ros2_ws/install/turtlesim/share/turtlesim/srv/SetPen_Response.msg
[21.190s] -- Up-to-date symlink: /home/vboxuser/ros2_ws/install/turtlesim/share/turtlesim/srv/Spawn.srv
[21.191s] -- Up-to-date symlink: /home/vboxuser/ros2_ws/install/turtlesim/share/turtlesim/srv/Spawn_Request.msg
[21.191s] -- Up-to-date symlink: /home/vboxuser/ros2_ws/install/turtlesim/share/turtlesim/srv/Spawn_Response.msg
[21.191s] -- Up-to-date symlink: /home/vboxuser/ros2_ws/install/turtlesim/share/turtlesim/srv/TeleportAbsolute.srv
[21.191s] -- Up-to-date symlink: /home/vboxuser/ros2_ws/install/turtlesim/share/turtlesim/srv/TeleportAbsolute_Request.msg
[21.192s] -- Up-to-date symlink: /home/vboxuser/ros2_ws/install/turtlesim/share/turtlesim/srv/TeleportAbsolute_Response.msg
[21.193s] -- Up-to-date symlink: /home/vboxuser/ros2_ws/install/turtlesim/share/turtlesim/srv/TeleportRelative.srv
[21.193s] -- Up-to-date symlink: /home/vboxuser/ros2_ws/install/turtlesim/share/turtlesim/srv/TeleportRelative_Request.msg
[21.193s] -- Up-to-date symlink: /home/vboxuser/ros2_ws/install/turtlesim/share/turtlesim/srv/TeleportRelative_Response.msg
[21.194s] -- Up-to-date symlink: /home/vboxuser/ros2_ws/install/turtlesim/lib/turtlesim/turtlesim_node
[21.194s] -- Up-to-date symlink: /home/vboxuser/ros2_ws/install/turtlesim/lib/turtlesim/turtle_teleop_key
[21.194s] -- Up-to-date symlink: /home/vboxuser/ros2_ws/install/turtlesim/lib/turtlesim/draw_square
[21.194s] -- Up-to-date symlink: /home/vboxuser/ros2_ws/install/turtlesim/lib/turtlesim/mimic
[21.195s] -- Up-to-date symlink: /home/vboxuser/ros2_ws/install/turtlesim/share/turtlesim/launch/multisim.launch.py
[21.195s] -- Up-to-date symlink: /home/vboxuser/ros2_ws/install/turtlesim/share/ament_index/resource_index/package_run_dependencies/turtlesim
[21.195s] -- Up-to-date symlink: /home/vboxuser/ros2_ws/install/turtlesim/share/ament_index/resource_index/parent_prefix_path/turtlesim
[21.195s] -- Up-to-date symlink: /home/vboxuser/ros2_ws/install/turtlesim/share/turtlesim/environment/ament_prefix_path.sh
[21.195s] -- Up-to-date symlink: /home/vboxuser/ros2_ws/install/turtlesim/share/turtlesim/environment/ament_prefix_path.dsv
[21.195s] -- Up-to-date symlink: /home/vboxuser/ros2_ws/install/turtlesim/share/turtlesim/environment/path.sh
[21.195s] -- Up-to-date symlink: /home/vboxuser/ros2_ws/install/turtlesim/share/turtlesim/environment/path.dsv
[21.195s] -- Up-to-date symlink: /home/vboxuser/ros2_ws/install/turtlesim/share/turtlesim/local_setup.bash
[21.195s] -- Up-to-date symlink: /home/vboxuser/ros2_ws/install/turtlesim/share/turtlesim/local_setup.sh
[21.195s] -- Up-to-date symlink: /home/vboxuser/ros2_ws/install/turtlesim/share/turtlesim/local_setup.zsh
[21.195s] -- Up-to-date symlink: /home/vboxuser/ros2_ws/install/turtlesim/share/turtlesim/local_setup.dsv
[21.195s] -- Symlinking: /home/vboxuser/ros2_ws/install/turtlesim/share/turtlesim/package.dsv
[21.228s] -- Up-to-date symlink: /home/vboxuser/ros2_ws/install/turtlesim/share/ament_index/resource_index/packages/turtlesim
[21.228s] -- Up-to-date symlink: /home/vboxuser/ros2_ws/install/turtlesim/share/turtlesim/cmake/rosidl_cmake-extras.cmake
[21.228s] -- Up-to-date symlink: /home/vboxuser/ros2_ws/install/turtlesim/share/turtlesim/cmake/ament_cmake_export_dependencies-extras.cmake
[21.229s] -- Up-to-date symlink: /home/vboxuser/ros2_ws/install/turtlesim/share/turtlesim/cmake/ament_cmake_export_include_directories-extras.cmake
[21.229s] -- Up-to-date symlink: /home/vboxuser/ros2_ws/install/turtlesim/share/turtlesim/cmake/ament_cmake_export_libraries-extras.cmake
[21.229s] -- Up-to-date symlink: /home/vboxuser/ros2_ws/install/turtlesim/share/turtlesim/cmake/ament_cmake_export_targets-extras.cmake
[21.229s] -- Up-to-date symlink: /home/vboxuser/ros2_ws/install/turtlesim/share/turtlesim/cmake/rosidl_cmake_export_typesupport_targets-extras.cmake
[21.229s] -- Up-to-date symlink: /home/vboxuser/ros2_ws/install/turtlesim/share/turtlesim/cmake/rosidl_cmake_export_typesupport_libraries-extras.cmake
[21.230s] -- Up-to-date symlink: /home/vboxuser/ros2_ws/install/turtlesim/share/turtlesim/cmake/turtlesimConfig.cmake
[21.230s] -- Up-to-date symlink: /home/vboxuser/ros2_ws/install/turtlesim/share/turtlesim/cmake/turtlesimConfig-version.cmake
[21.230s] -- Up-to-date symlink: /home/vboxuser/ros2_ws/install/turtlesim/share/turtlesim/package.xml
[21.231s] -- Up-to-date: /home/vboxuser/ros2_ws/install/turtlesim/lib/libturtlesim__rosidl_generator_c.so
[21.231s] -- Up-to-date: /home/vboxuser/ros2_ws/install/turtlesim/lib/libturtlesim__rosidl_typesupport_fastrtps_c.so
[21.231s] -- Up-to-date: /home/vboxuser/ros2_ws/install/turtlesim/lib/libturtlesim__rosidl_typesupport_fastrtps_cpp.so
[21.232s] -- Up-to-date: /home/vboxuser/ros2_ws/install/turtlesim/lib/libturtlesim__rosidl_typesupport_introspection_c.so
[21.233s] -- Up-to-date: /home/vboxuser/ros2_ws/install/turtlesim/lib/libturtlesim__rosidl_typesupport_c.so
[21.233s] -- Up-to-date: /home/vboxuser/ros2_ws/install/turtlesim/lib/libturtlesim__rosidl_typesupport_introspection_cpp.so
[21.234s] -- Up-to-date: /home/vboxuser/ros2_ws/install/turtlesim/lib/libturtlesim__rosidl_typesupport_cpp.so
[21.484s] Listing '/home/vboxuser/ros2_ws/install/turtlesim/lib/python3.10/site-packages/turtlesim'...
[21.484s] Listing '/home/vboxuser/ros2_ws/install/turtlesim/lib/python3.10/site-packages/turtlesim/action'...
[21.484s] Listing '/home/vboxuser/ros2_ws/install/turtlesim/lib/python3.10/site-packages/turtlesim/msg'...
[21.485s] Listing '/home/vboxuser/ros2_ws/install/turtlesim/lib/python3.10/site-packages/turtlesim/srv'...
[21.491s] -- Up-to-date: /home/vboxuser/ros2_ws/install/turtlesim/lib/libturtlesim__rosidl_generator_py.so
[21.492s] -- Up-to-date: /home/vboxuser/ros2_ws/install/turtlesim/share/turtlesim/images
[21.492s] -- Up-to-date: /home/vboxuser/ros2_ws/install/turtlesim/share/turtlesim/images/iron.png
[21.492s] -- Up-to-date: /home/vboxuser/ros2_ws/install/turtlesim/share/turtlesim/images/dashing.png
[21.492s] -- Up-to-date: /home/vboxuser/ros2_ws/install/turtlesim/share/turtlesim/images/eloquent.png
[21.492s] -- Up-to-date: /home/vboxuser/ros2_ws/install/turtlesim/share/turtlesim/images/humble.png
[21.492s] -- Up-to-date: /home/vboxuser/ros2_ws/install/turtlesim/share/turtlesim/images/bouncy.png
[21.492s] -- Up-to-date: /home/vboxuser/ros2_ws/install/turtlesim/share/turtlesim/images/ardent.png
[21.493s] -- Up-to-date: /home/vboxuser/ros2_ws/install/turtlesim/share/turtlesim/images/rolling.png
[21.493s] -- Up-to-date: /home/vboxuser/ros2_ws/install/turtlesim/share/turtlesim/images/foxy.png
[21.493s] -- Up-to-date: /home/vboxuser/ros2_ws/install/turtlesim/share/turtlesim/images/galactic.png
[21.493s] -- Up-to-date: /home/vboxuser/ros2_ws/install/turtlesim/share/turtlesim/images/crystal.png
[21.493s] -- Up-to-date: /home/vboxuser/ros2_ws/install/turtlesim/share/turtlesim/cmake/export_turtlesim__rosidl_generator_cExport.cmake
[21.493s] -- Up-to-date: /home/vboxuser/ros2_ws/install/turtlesim/share/turtlesim/cmake/export_turtlesim__rosidl_generator_cExport-noconfig.cmake
[21.494s] -- Up-to-date: /home/vboxuser/ros2_ws/install/turtlesim/share/turtlesim/cmake/export_turtlesim__rosidl_typesupport_fastrtps_cExport.cmake
[21.494s] -- Up-to-date: /home/vboxuser/ros2_ws/install/turtlesim/share/turtlesim/cmake/export_turtlesim__rosidl_typesupport_fastrtps_cExport-noconfig.cmake
[21.494s] -- Up-to-date: /home/vboxuser/ros2_ws/install/turtlesim/share/turtlesim/cmake/export_turtlesim__rosidl_generator_cppExport.cmake
[21.494s] -- Up-to-date: /home/vboxuser/ros2_ws/install/turtlesim/share/turtlesim/cmake/export_turtlesim__rosidl_typesupport_fastrtps_cppExport.cmake
[21.494s] -- Up-to-date: /home/vboxuser/ros2_ws/install/turtlesim/share/turtlesim/cmake/export_turtlesim__rosidl_typesupport_fastrtps_cppExport-noconfig.cmake
[21.494s] -- Up-to-date: /home/vboxuser/ros2_ws/install/turtlesim/share/turtlesim/cmake/turtlesim__rosidl_typesupport_introspection_cExport.cmake
[21.494s] -- Up-to-date: /home/vboxuser/ros2_ws/install/turtlesim/share/turtlesim/cmake/turtlesim__rosidl_typesupport_introspection_cExport-noconfig.cmake
[21.494s] -- Up-to-date: /home/vboxuser/ros2_ws/install/turtlesim/share/turtlesim/cmake/turtlesim__rosidl_typesupport_cExport.cmake
[21.495s] -- Up-to-date: /home/vboxuser/ros2_ws/install/turtlesim/share/turtlesim/cmake/turtlesim__rosidl_typesupport_cExport-noconfig.cmake
[21.495s] -- Up-to-date: /home/vboxuser/ros2_ws/install/turtlesim/share/turtlesim/cmake/turtlesim__rosidl_typesupport_introspection_cppExport.cmake
[21.495s] -- Up-to-date: /home/vboxuser/ros2_ws/install/turtlesim/share/turtlesim/cmake/turtlesim__rosidl_typesupport_introspection_cppExport-noconfig.cmake
[21.495s] -- Up-to-date: /home/vboxuser/ros2_ws/install/turtlesim/share/turtlesim/cmake/turtlesim__rosidl_typesupport_cppExport.cmake
[21.495s] -- Up-to-date: /home/vboxuser/ros2_ws/install/turtlesim/share/turtlesim/cmake/turtlesim__rosidl_typesupport_cppExport-noconfig.cmake
[21.496s] -- Up-to-date: /home/vboxuser/ros2_ws/install/turtlesim/share/turtlesim/cmake/export_turtlesim__rosidl_generator_pyExport.cmake
[21.496s] -- Up-to-date: /home/vboxuser/ros2_ws/install/turtlesim/share/turtlesim/cmake/export_turtlesim__rosidl_generator_pyExport-noconfig.cmake
[21.500s] Invoked command in '/home/vboxuser/ros2_ws/build/turtlesim' returned '0': CMAKE_PREFIX_PATH=${CMAKE_PREFIX_PATH}:/opt/ros/iron:/home/vboxuser/ros2_iron/install/rqt_bag_plugins:/home/vboxuser/ros2_iron/install/rqt_bag:/home/vboxuser/ros2_iron/install/rosbag2_examples_py:/home/vboxuser/ros2_iron/install/launch_testing_examples:/home/vboxuser/ros2_iron/install/ros2bag:/home/vboxuser/ros2_iron/install/tracetools_test:/home/vboxuser/ros2_iron/install/tracetools_launch:/home/vboxuser/ros2_iron/install/topic_monitor:/home/vboxuser/ros2_iron/install/tf2_tools:/home/vboxuser/ros2_iron/install/examples_tf2_py:/home/vboxuser/ros2_iron/install/tf2_ros_py:/home/vboxuser/ros2_iron/install/examples_rclpy_pointcloud_publisher:/home/vboxuser/ros2_iron/install/sensor_msgs_py:/home/vboxuser/ros2_iron/install/quality_of_service_demo_py:/home/vboxuser/ros2_iron/install/rqt_plot:/home/vboxuser/ros2_iron/install/ros2doctor:/home/vboxuser/ros2_iron/install/lifecycle_py:/home/vboxuser/ros2_iron/install/examples_rclpy_minimal_subscriber:/home/vboxuser/ros2_iron/install/examples_rclpy_minimal_service:/home/vboxuser/ros2_iron/install/examples_rclpy_minimal_publisher:/home/vboxuser/ros2_iron/install/examples_rclpy_minimal_client:/home/vboxuser/ros2_iron/install/examples_rclpy_executors:/home/vboxuser/ros2_iron/install/demo_nodes_py:/home/vboxuser/ros2_iron/install/rqt:/home/vboxuser/ros2_iron/install/ros2component:/home/vboxuser/ros2_iron/install/sros2:/home/vboxuser/ros2_iron/install/rqt_topic:/home/vboxuser/ros2_iron/install/rqt_srv:/home/vboxuser/ros2_iron/install/rqt_shell:/home/vboxuser/ros2_iron/install/rqt_service_caller:/home/vboxuser/ros2_iron/install/rqt_reconfigure:/home/vboxuser/ros2_iron/install/rqt_py_console:/home/vboxuser/ros2_iron/install/rqt_publisher:/home/vboxuser/ros2_iron/install/rqt_action:/home/vboxuser/ros2_iron/install/rqt_msg:/home/vboxuser/ros2_iron/install/rqt_console:/home/vboxuser/ros2_iron/install/rqt_graph:/home/vboxuser/ros2_iron/install/rqt_gui_py:/home/vboxuser/ros2_iron/install/rqt_gui:/home/vboxuser/ros2_iron/install/ros2trace:/home/vboxuser/ros2_iron/install/ros2topic:/home/vboxuser/ros2_iron/install/ros2test:/home/vboxuser/ros2_iron/install/ros2param:/home/vboxuser/ros2_iron/install/ros2lifecycle:/home/vboxuser/ros2_iron/install/ros2service:/home/vboxuser/ros2_iron/install/ros2run:/home/vboxuser/ros2_iron/install/ros2launch:/home/vboxuser/ros2_iron/install/ros2pkg:/home/vboxuser/ros2_iron/install/ros2node:/home/vboxuser/ros2_iron/install/ros2multicast:/home/vboxuser/ros2_iron/install/ros2interface:/home/vboxuser/ros2_iron/install/ros2action:/home/vboxuser/ros2_iron/install/ros2cli:/home/vboxuser/ros2_iron/install/launch_testing_ros:/home/vboxuser/ros2_iron/install/launch_ros:/home/vboxuser/ros2_iron/install/examples_rclpy_minimal_action_server:/home/vboxuser/ros2_iron/install/examples_rclpy_minimal_action_client:/home/vboxuser/ros2_iron/install/examples_rclpy_guard_conditions:/home/vboxuser/ros2_iron/install/action_tutorials_py:/home/vboxuser/ros2_iron/install/ament_uncrustify:/home/vboxuser/ros2_iron/install/tracetools_trace:/home/vboxuser/ros2_iron/install/tracetools_read:/home/vboxuser/ros2_iron/install/test_tracetools_launch:/home/vboxuser/ros2_iron/install/test_ros2trace:/home/vboxuser/ros2_iron/install/test_launch_ros:/home/vboxuser/ros2_iron/install/rpyutils:/home/vboxuser/ros2_iron/install/rosidl_runtime_py:/home/vboxuser/ros2_iron/install/rosidl_pycommon:/home/vboxuser/ros2_iron/install/rosidl_cli:/home/vboxuser/ros2_iron/install/launch_pytest:/home/vboxuser/ros2_iron/install/launch_testing:/home/vboxuser/ros2_iron/install/launch_yaml:/home/vboxuser/ros2_iron/install/launch_xml:/home/vboxuser/ros2_iron/install/launch:/home/vboxuser/ros2_iron/install/osrf_pycommon:/home/vboxuser/ros2_iron/install/domain_coordinator:/home/vboxuser/ros2_iron/install/ament_xmllint:/home/vboxuser/ros2_iron/install/ament_pyflakes:/home/vboxuser/ros2_iron/install/ament_pycodestyle:/home/vboxuser/ros2_iron/install/ament_pep257:/home/vboxuser/ros2_iron/install/ament_pclint:/home/vboxuser/ros2_iron/install/ament_package:/home/vboxuser/ros2_iron/install/ament_mypy:/home/vboxuser/ros2_iron/install/ament_lint_cmake:/home/vboxuser/ros2_iron/install/ament_flake8:/home/vboxuser/ros2_iron/install/ament_copyright:/home/vboxuser/ros2_iron/install/ament_lint:/home/vboxuser/ros2_iron/install/ament_index_python:/home/vboxuser/ros2_iron/install/ament_cpplint:/home/vboxuser/ros2_iron/install/ament_cppcheck:/home/vboxuser/ros2_iron/install/ament_clang_tidy:/home/vboxuser/ros2_iron/install/ament_clang_format /usr/bin/cmake --install /home/vboxuser/ros2_ws/build/turtlesim
