[3.448s] Invoking command in '/home/vboxuser/ros2_ws/build/examples_rclpy_pointcloud_publisher': PYTHONPATH=/home/vboxuser/ros2_ws/build/examples_rclpy_pointcloud_publisher/prefix_override:/usr/lib/python3/dist-packages/colcon_core/task/python/colcon_distutils_commands:/home/vboxuser/ros2_ws/install/examples_rclpy_pointcloud_publisher/lib/python3.10/site-packages:${PYTHONPATH} /usr/bin/python3 -W ignore:setup.py install is deprecated -W ignore:easy_install command is deprecated setup.py develop --editable --build-directory /home/vboxuser/ros2_ws/build/examples_rclpy_pointcloud_publisher/build --no-deps symlink_data
[4.286s] running develop
[4.883s] running egg_info
[4.887s] creating examples_rclpy_pointcloud_publisher.egg-info
[4.887s] writing examples_rclpy_pointcloud_publisher.egg-info/PKG-INFO
[4.888s] writing dependency_links to examples_rclpy_pointcloud_publisher.egg-info/dependency_links.txt
[4.888s] writing entry points to examples_rclpy_pointcloud_publisher.egg-info/entry_points.txt
[4.888s] writing requirements to examples_rclpy_pointcloud_publisher.egg-info/requires.txt
[4.888s] writing top-level names to examples_rclpy_pointcloud_publisher.egg-info/top_level.txt
[4.888s] writing manifest file 'examples_rclpy_pointcloud_publisher.egg-info/SOURCES.txt'
[4.922s] reading manifest file 'examples_rclpy_pointcloud_publisher.egg-info/SOURCES.txt'
[4.953s] writing manifest file 'examples_rclpy_pointcloud_publisher.egg-info/SOURCES.txt'
[5.001s] running build_ext
[5.001s] Creating /home/vboxuser/ros2_ws/install/examples_rclpy_pointcloud_publisher/lib/python3.10/site-packages/examples-rclpy-pointcloud-publisher.egg-link (link to .)
[5.070s] Installing pointcloud_publisher script to /home/vboxuser/ros2_ws/install/examples_rclpy_pointcloud_publisher/lib/examples_rclpy_pointcloud_publisher
[5.070s] 
[5.070s] Installed /home/vboxuser/ros2_ws/build/examples_rclpy_pointcloud_publisher
[5.070s] running symlink_data
[5.070s] creating /home/vboxuser/ros2_ws/install/examples_rclpy_pointcloud_publisher/share/ament_index
[5.070s] creating /home/vboxuser/ros2_ws/install/examples_rclpy_pointcloud_publisher/share/ament_index/resource_index
[5.070s] creating /home/vboxuser/ros2_ws/install/examples_rclpy_pointcloud_publisher/share/ament_index/resource_index/packages
[5.070s] symbolically linking /home/vboxuser/ros2_ws/build/examples_rclpy_pointcloud_publisher/resource/examples_rclpy_pointcloud_publisher -> /home/vboxuser/ros2_ws/install/examples_rclpy_pointcloud_publisher/share/ament_index/resource_index/packages
[5.071s] symbolically linking /home/vboxuser/ros2_ws/build/examples_rclpy_pointcloud_publisher/package.xml -> /home/vboxuser/ros2_ws/install/examples_rclpy_pointcloud_publisher/share/examples_rclpy_pointcloud_publisher
[5.331s] Invoked command in '/home/vboxuser/ros2_ws/build/examples_rclpy_pointcloud_publisher' returned '0': PYTHONPATH=/home/vboxuser/ros2_ws/build/examples_rclpy_pointcloud_publisher/prefix_override:/usr/lib/python3/dist-packages/colcon_core/task/python/colcon_distutils_commands:/home/vboxuser/ros2_ws/install/examples_rclpy_pointcloud_publisher/lib/python3.10/site-packages:${PYTHONPATH} /usr/bin/python3 -W ignore:setup.py install is deprecated -W ignore:easy_install command is deprecated setup.py develop --editable --build-directory /home/vboxuser/ros2_ws/build/examples_rclpy_pointcloud_publisher/build --no-deps symlink_data
