[2.070s] Invoking command in '/home/vboxuser/ros2_ws/src/py_pubsub': PYTHONPATH=/home/vboxuser/ros2_ws/build/py_pubsub/prefix_override:/usr/lib/python3/dist-packages/colcon_core/task/python/colcon_distutils_commands:/home/vboxuser/ros2_ws/install/py_pubsub/lib/python3.10/site-packages:${PYTHONPATH} /usr/bin/python3 -W ignore:setup.py install is deprecated -W ignore:easy_install command is deprecated setup.py egg_info --egg-base ../../build/py_pubsub build --build-base /home/vboxuser/ros2_ws/build/py_pubsub/build install --record /home/vboxuser/ros2_ws/build/py_pubsub/install.log --single-version-externally-managed install_data
[2.827s] running egg_info
[2.831s] writing ../../build/py_pubsub/py_pubsub.egg-info/PKG-INFO
[2.831s] writing dependency_links to ../../build/py_pubsub/py_pubsub.egg-info/dependency_links.txt
[2.832s] writing entry points to ../../build/py_pubsub/py_pubsub.egg-info/entry_points.txt
[2.833s] writing requirements to ../../build/py_pubsub/py_pubsub.egg-info/requires.txt
[2.834s] writing top-level names to ../../build/py_pubsub/py_pubsub.egg-info/top_level.txt
[2.836s] reading manifest file '../../build/py_pubsub/py_pubsub.egg-info/SOURCES.txt'
[2.836s] adding license file 'LICENSE'
[2.837s] writing manifest file '../../build/py_pubsub/py_pubsub.egg-info/SOURCES.txt'
[2.839s] running build
[2.840s] running build_py
[2.840s] copying py_pubsub/publisher_member_function_FLOAT.py -> /home/vboxuser/ros2_ws/build/py_pubsub/build/lib/py_pubsub
[2.840s] copying py_pubsub/subscriber_member_function_FLOAT.py -> /home/vboxuser/ros2_ws/build/py_pubsub/build/lib/py_pubsub
[2.840s] running install
[2.842s] running install_lib
[2.843s] copying /home/vboxuser/ros2_ws/build/py_pubsub/build/lib/py_pubsub/publisher_member_function_FLOAT.py -> /home/vboxuser/ros2_ws/install/py_pubsub/lib/python3.10/site-packages/py_pubsub
[2.843s] copying /home/vboxuser/ros2_ws/build/py_pubsub/build/lib/py_pubsub/subscriber_member_function_FLOAT.py -> /home/vboxuser/ros2_ws/install/py_pubsub/lib/python3.10/site-packages/py_pubsub
[2.844s] byte-compiling /home/vboxuser/ros2_ws/install/py_pubsub/lib/python3.10/site-packages/py_pubsub/publisher_member_function_FLOAT.py to publisher_member_function_FLOAT.cpython-310.pyc
[2.845s] byte-compiling /home/vboxuser/ros2_ws/install/py_pubsub/lib/python3.10/site-packages/py_pubsub/subscriber_member_function_FLOAT.py to subscriber_member_function_FLOAT.cpython-310.pyc
[2.848s] running install_data
[2.848s] running install_egg_info
[2.859s] removing '/home/vboxuser/ros2_ws/install/py_pubsub/lib/python3.10/site-packages/py_pubsub-0.0.0-py3.10.egg-info' (and everything under it)
[2.859s] Copying ../../build/py_pubsub/py_pubsub.egg-info to /home/vboxuser/ros2_ws/install/py_pubsub/lib/python3.10/site-packages/py_pubsub-0.0.0-py3.10.egg-info
[2.859s] running install_scripts
[2.928s] Installing listener script to /home/vboxuser/ros2_ws/install/py_pubsub/lib/py_pubsub
[2.930s] Installing talker script to /home/vboxuser/ros2_ws/install/py_pubsub/lib/py_pubsub
[2.931s] writing list of installed files to '/home/vboxuser/ros2_ws/build/py_pubsub/install.log'
[2.972s] Invoked command in '/home/vboxuser/ros2_ws/src/py_pubsub' returned '0': PYTHONPATH=/home/vboxuser/ros2_ws/build/py_pubsub/prefix_override:/usr/lib/python3/dist-packages/colcon_core/task/python/colcon_distutils_commands:/home/vboxuser/ros2_ws/install/py_pubsub/lib/python3.10/site-packages:${PYTHONPATH} /usr/bin/python3 -W ignore:setup.py install is deprecated -W ignore:easy_install command is deprecated setup.py egg_info --egg-base ../../build/py_pubsub build --build-base /home/vboxuser/ros2_ws/build/py_pubsub/build install --record /home/vboxuser/ros2_ws/build/py_pubsub/install.log --single-version-externally-managed install_data
