[3.835s] Invoking command in '/home/vboxuser/ros2_ws/build/examples_rclpy_minimal_action_client': PYTHONPATH=/home/vboxuser/ros2_ws/build/examples_rclpy_minimal_action_client/prefix_override:/usr/lib/python3/dist-packages/colcon_core/task/python/colcon_distutils_commands:/home/vboxuser/ros2_ws/install/examples_rclpy_minimal_action_client/lib/python3.10/site-packages:${PYTHONPATH} /usr/bin/python3 -W ignore:setup.py install is deprecated -W ignore:easy_install command is deprecated setup.py develop --editable --build-directory /home/vboxuser/ros2_ws/build/examples_rclpy_minimal_action_client/build --no-deps symlink_data
[5.210s] running develop
[5.763s] running egg_info
[5.770s] creating examples_rclpy_minimal_action_client.egg-info
[5.772s] writing examples_rclpy_minimal_action_client.egg-info/PKG-INFO
[5.773s] writing dependency_links to examples_rclpy_minimal_action_client.egg-info/dependency_links.txt
[5.773s] writing entry points to examples_rclpy_minimal_action_client.egg-info/entry_points.txt
[5.774s] writing requirements to examples_rclpy_minimal_action_client.egg-info/requires.txt
[5.774s] writing top-level names to examples_rclpy_minimal_action_client.egg-info/top_level.txt
[5.775s] writing manifest file 'examples_rclpy_minimal_action_client.egg-info/SOURCES.txt'
[5.827s] reading manifest file 'examples_rclpy_minimal_action_client.egg-info/SOURCES.txt'
[5.830s] writing manifest file 'examples_rclpy_minimal_action_client.egg-info/SOURCES.txt'
[5.852s] running build_ext
[5.853s] Creating /home/vboxuser/ros2_ws/install/examples_rclpy_minimal_action_client/lib/python3.10/site-packages/examples-rclpy-minimal-action-client.egg-link (link to .)
[5.855s] Installing client script to /home/vboxuser/ros2_ws/install/examples_rclpy_minimal_action_client/lib/examples_rclpy_minimal_action_client
[5.856s] Installing client_asyncio script to /home/vboxuser/ros2_ws/install/examples_rclpy_minimal_action_client/lib/examples_rclpy_minimal_action_client
[5.857s] Installing client_cancel script to /home/vboxuser/ros2_ws/install/examples_rclpy_minimal_action_client/lib/examples_rclpy_minimal_action_client
[5.858s] Installing client_not_composable script to /home/vboxuser/ros2_ws/install/examples_rclpy_minimal_action_client/lib/examples_rclpy_minimal_action_client
[5.858s] 
[5.858s] Installed /home/vboxuser/ros2_ws/build/examples_rclpy_minimal_action_client
[5.859s] running symlink_data
[5.859s] creating /home/vboxuser/ros2_ws/install/examples_rclpy_minimal_action_client/share/ament_index
[5.860s] creating /home/vboxuser/ros2_ws/install/examples_rclpy_minimal_action_client/share/ament_index/resource_index
[5.863s] creating /home/vboxuser/ros2_ws/install/examples_rclpy_minimal_action_client/share/ament_index/resource_index/packages
[5.864s] symbolically linking /home/vboxuser/ros2_ws/build/examples_rclpy_minimal_action_client/resource/examples_rclpy_minimal_action_client -> /home/vboxuser/ros2_ws/install/examples_rclpy_minimal_action_client/share/ament_index/resource_index/packages
[5.865s] symbolically linking /home/vboxuser/ros2_ws/build/examples_rclpy_minimal_action_client/package.xml -> /home/vboxuser/ros2_ws/install/examples_rclpy_minimal_action_client/share/examples_rclpy_minimal_action_client
[6.323s] Invoked command in '/home/vboxuser/ros2_ws/build/examples_rclpy_minimal_action_client' returned '0': PYTHONPATH=/home/vboxuser/ros2_ws/build/examples_rclpy_minimal_action_client/prefix_override:/usr/lib/python3/dist-packages/colcon_core/task/python/colcon_distutils_commands:/home/vboxuser/ros2_ws/install/examples_rclpy_minimal_action_client/lib/python3.10/site-packages:${PYTHONPATH} /usr/bin/python3 -W ignore:setup.py install is deprecated -W ignore:easy_install command is deprecated setup.py develop --editable --build-directory /home/vboxuser/ros2_ws/build/examples_rclpy_minimal_action_client/build --no-deps symlink_data
