[3.692s] Invoking command in '/home/vboxuser/ros2_ws/build/examples_rclpy_executors': PYTHONPATH=/home/vboxuser/ros2_ws/build/examples_rclpy_executors/prefix_override:/usr/lib/python3/dist-packages/colcon_core/task/python/colcon_distutils_commands:/home/vboxuser/ros2_ws/install/examples_rclpy_executors/lib/python3.10/site-packages:${PYTHONPATH} /usr/bin/python3 -W ignore:setup.py install is deprecated -W ignore:easy_install command is deprecated setup.py develop --editable --build-directory /home/vboxuser/ros2_ws/build/examples_rclpy_executors/build --no-deps symlink_data
[4.998s] running develop
[6.813s] running egg_info
[6.851s] creating examples_rclpy_executors.egg-info
[6.852s] writing examples_rclpy_executors.egg-info/PKG-INFO
[6.853s] writing dependency_links to examples_rclpy_executors.egg-info/dependency_links.txt
[6.861s] writing entry points to examples_rclpy_executors.egg-info/entry_points.txt
[6.862s] writing requirements to examples_rclpy_executors.egg-info/requires.txt
[6.868s] writing top-level names to examples_rclpy_executors.egg-info/top_level.txt
[6.868s] writing manifest file 'examples_rclpy_executors.egg-info/SOURCES.txt'
[6.933s] reading manifest file 'examples_rclpy_executors.egg-info/SOURCES.txt'
[6.934s] writing manifest file 'examples_rclpy_executors.egg-info/SOURCES.txt'
[6.944s] running build_ext
[6.945s] Creating /home/vboxuser/ros2_ws/install/examples_rclpy_executors/lib/python3.10/site-packages/examples-rclpy-executors.egg-link (link to .)
[6.947s] Installing callback_group script to /home/vboxuser/ros2_ws/install/examples_rclpy_executors/lib/examples_rclpy_executors
[6.948s] Installing composed script to /home/vboxuser/ros2_ws/install/examples_rclpy_executors/lib/examples_rclpy_executors
[6.949s] Installing custom_callback_group script to /home/vboxuser/ros2_ws/install/examples_rclpy_executors/lib/examples_rclpy_executors
[6.949s] Installing custom_executor script to /home/vboxuser/ros2_ws/install/examples_rclpy_executors/lib/examples_rclpy_executors
[6.950s] Installing listener script to /home/vboxuser/ros2_ws/install/examples_rclpy_executors/lib/examples_rclpy_executors
[6.951s] Installing talker script to /home/vboxuser/ros2_ws/install/examples_rclpy_executors/lib/examples_rclpy_executors
[6.951s] 
[6.951s] Installed /home/vboxuser/ros2_ws/build/examples_rclpy_executors
[6.951s] running symlink_data
[7.019s] creating /home/vboxuser/ros2_ws/install/examples_rclpy_executors/share/ament_index
[7.020s] creating /home/vboxuser/ros2_ws/install/examples_rclpy_executors/share/ament_index/resource_index
[7.023s] creating /home/vboxuser/ros2_ws/install/examples_rclpy_executors/share/ament_index/resource_index/packages
[7.023s] symbolically linking /home/vboxuser/ros2_ws/build/examples_rclpy_executors/resource/examples_rclpy_executors -> /home/vboxuser/ros2_ws/install/examples_rclpy_executors/share/ament_index/resource_index/packages
[7.024s] symbolically linking /home/vboxuser/ros2_ws/build/examples_rclpy_executors/package.xml -> /home/vboxuser/ros2_ws/install/examples_rclpy_executors/share/examples_rclpy_executors
[7.029s] Invoked command in '/home/vboxuser/ros2_ws/build/examples_rclpy_executors' returned '0': PYTHONPATH=/home/vboxuser/ros2_ws/build/examples_rclpy_executors/prefix_override:/usr/lib/python3/dist-packages/colcon_core/task/python/colcon_distutils_commands:/home/vboxuser/ros2_ws/install/examples_rclpy_executors/lib/python3.10/site-packages:${PYTHONPATH} /usr/bin/python3 -W ignore:setup.py install is deprecated -W ignore:easy_install command is deprecated setup.py develop --editable --build-directory /home/vboxuser/ros2_ws/build/examples_rclpy_executors/build --no-deps symlink_data
